This is pdfTeX, Version 3.141592653-2.6-1.40.27 (MiKTeX 25.4) (preloaded format=pdflatex 2025.8.19)  27 SEP 2025 22:44
entering extended mode
 restricted \write18 enabled.
 file:line:error style messages enabled.
 %&-line parsing enabled.
**"c:/Users/walbe/OneDrive/Escritorio/walbert/Proyect_Saint_Gabriel-Archangel/Libros/Espanol/LIBRO Jack Marx 1919 - Compendio de la historia de la iglesia/Comp-hist-Iglesia_main.tex"
(c:/Users/walbe/OneDrive/Escritorio/walbert/Proyect_Saint_Gabriel-Archangel/Libros/Espanol/LIBRO Jack Marx 1919 - Compendio de la historia de la iglesia/Comp-hist-Iglesia_main.tex
LaTeX2e <2025-06-01> patch level 1
L3 programming layer <2025-07-20>
(C:\Users\walbe\AppData\Local\Programs\MiKTeX\tex/latex/base\book.cls
Document Class: book 2025/01/22 v1.4n Standard LaTeX document class
(C:\Users\walbe\AppData\Local\Programs\MiKTeX\tex/latex/base\bk12.clo
File: bk12.clo 2025/01/22 v1.4n Standard LaTeX file (size option)
)
\c@part=\count275
\c@chapter=\count276
\c@section=\count277
\c@subsection=\count278
\c@subsubsection=\count279
\c@paragraph=\count280
\c@subparagraph=\count281
\c@figure=\count282
\c@table=\count283
\abovecaptionskip=\skip49
\belowcaptionskip=\skip50
\bibindent=\dimen148
) (C:\Users\walbe\AppData\Local\Programs\MiKTeX\tex/latex/base\inputenc.sty
Package: inputenc 2024/02/08 v1.3d Input encoding file
\inpenc@prehook=\toks17
\inpenc@posthook=\toks18
) (C:\Users\walbe\AppData\Local\Programs\MiKTeX\tex/latex/base\fontenc.sty
Package: fontenc 2024/12/21 v2.1c Standard LaTeX package
) (C:\Users\walbe\AppData\Local\Programs\MiKTeX\tex/latex/graphics\graphicx.sty
Package: graphicx 2024/12/31 v1.2e Enhanced LaTeX Graphics (DPC,SPQR)
 (C:\Users\walbe\AppData\Local\Programs\MiKTeX\tex/latex/graphics\keyval.sty
Package: keyval 2022/05/29 v1.15 key=value parser (DPC)
\KV@toks@=\toks19
) (C:\Users\walbe\AppData\Local\Programs\MiKTeX\tex/latex/graphics\graphics.sty
Package: graphics 2024/08/06 v1.4g Standard LaTeX Graphics (DPC,SPQR)
 (C:\Users\walbe\AppData\Local\Programs\MiKTeX\tex/latex/graphics\trig.sty
Package: trig 2023/12/02 v1.11 sin cos tan (DPC)
) (C:\Users\walbe\AppData\Local\Programs\MiKTeX\tex/latex/graphics-cfg\graphics.cfg
File: graphics.cfg 2016/06/04 v1.11 sample graphics configuration
)
Package graphics Info: Driver file: pdftex.def on input line 106.
 (C:\Users\walbe\AppData\Local\Programs\MiKTeX\tex/latex/graphics-def\pdftex.def
File: pdftex.def 2024/04/13 v1.2c Graphics/color driver for pdftex
))
\Gin@req@height=\dimen149
\Gin@req@width=\dimen150
) (C:\Users\walbe\AppData\Local\Programs\MiKTeX\tex/generic/babel\babel.sty
Package: babel 2025/08/03 v25.12 The multilingual framework for LuaLaTeX, pdfLaTeX and XeLaTeX
\babel@savecnt=\count284
LaTeX Encoding Info:    Redeclaring text command \ij (encoding OT1) on input line 2045.
LaTeX Encoding Info:    Redeclaring text command \IJ (encoding OT1) on input line 2047.
LaTeX Encoding Info:    Redeclaring text command \ij (encoding T1) on input line 2049.
LaTeX Encoding Info:    Redeclaring text command \IJ (encoding T1) on input line 2050.
LaTeX Encoding Info:    Ignoring declaration for text command \ij (encoding ?) on input line 2051.
LaTeX Encoding Info:    Ignoring declaration for text command \IJ (encoding ?) on input line 2053.
LaTeX Encoding Info:    Ignoring declaration for text command \SS (encoding ?) on input line 2078.
\U@D=\dimen151
\l@unhyphenated=\language79
 (C:\Users\walbe\AppData\Local\Programs\MiKTeX\tex/generic/babel\txtbabel.def)
\bbl@readstream=\read2
\bbl@dirlevel=\count285

*************************************
* Local config file bblopts.cfg used
*
(C:\Users\walbe\AppData\Local\Programs\MiKTeX\tex/latex/arabi\bblopts.cfg
File: bblopts.cfg 2005/09/08 v0.1 add Arabic and Farsi to "declared" options of babel
) (C:\Users\walbe\AppData\Local\Programs\MiKTeX\tex/latex/babel-spanish\spanish.ldf
Language: spanish.ldf 2021/05/27 v5.0q Spanish support from the babel system
 (C:\Users\walbe\AppData\Local\Programs\MiKTeX\tex/generic/babel/locale/es\babel-spanish.tex
Package babel Info: Importing font and identification data for spanish
(babel)             from babel-es.ini. Reported on input line 12.
)
\es@quottoks=\toks20
\es@quotdepth=\count286
Package babel Info: Making " an active character on input line 570.
Package babel Info: Making . an active character on input line 675.
Package babel Info: Making < an active character on input line 722.
Package babel Info: Making > an active character on input line 722.
))
LaTeX Encoding Info:    Redeclaring text command \guillemotleft (encoding OT1) on input line 6.
LaTeX Encoding Info:    Redeclaring text command \guillemotright (encoding OT1) on input line 6.
 (C:\Users\walbe\AppData\Local\Programs\MiKTeX\tex/latex/hyphenat\hyphenat.sty
Package: hyphenat 2009/09/02 v2.3c hyphenation utilities
\langwohyphens=\language80
LaTeX Info: Redefining \_ on input line 43.
) (C:\Users\walbe\AppData\Local\Programs\MiKTeX\tex/latex/adjustbox\adjustbox.sty
Package: adjustbox 2025/02/26 v1.3c Adjusting TeX boxes (trim, clip, ...)
 (C:\Users\walbe\AppData\Local\Programs\MiKTeX\tex/latex/xkeyval\xkeyval.sty
Package: xkeyval 2022/06/16 v2.9 package option processing (HA)
 (C:\Users\walbe\AppData\Local\Programs\MiKTeX\tex/generic/xkeyval\xkeyval.tex (C:\Users\walbe\AppData\Local\Programs\MiKTeX\tex/generic/xkeyval\xkvutils.tex
\XKV@toks=\toks21
\XKV@tempa@toks=\toks22
)
\XKV@depth=\count287
File: xkeyval.tex 2014/12/03 v2.7a key=value parser (HA)
)) (C:\Users\walbe\AppData\Local\Programs\MiKTeX\tex/latex/adjustbox\adjcalc.sty
Package: adjcalc 2012/05/16 v1.1 Provides advanced setlength with multiple back-ends (calc, etex, pgfmath)
) (C:\Users\walbe\AppData\Local\Programs\MiKTeX\tex/latex/adjustbox\trimclip.sty
Package: trimclip 2025/02/21 v1.2a Trim and clip general TeX material
 (C:\Users\walbe\AppData\Local\Programs\MiKTeX\tex/latex/collectbox\collectbox.sty
Package: collectbox 2022/10/17 v0.4c Collect macro arguments as boxes
\collectedbox=\box53
)
\tc@llx=\dimen152
\tc@lly=\dimen153
\tc@urx=\dimen154
\tc@ury=\dimen155
Package trimclip Info: Using driver 'tc-pdftex.def'.
 (C:\Users\walbe\AppData\Local\Programs\MiKTeX\tex/latex/adjustbox\tc-pdftex.def
File: tc-pdftex.def 2025/02/26 v2.3 Clipping driver for pdftex
))
\adjbox@Width=\dimen156
\adjbox@Height=\dimen157
\adjbox@Depth=\dimen158
\adjbox@Totalheight=\dimen159
\adjbox@pwidth=\dimen160
\adjbox@pheight=\dimen161
\adjbox@pdepth=\dimen162
\adjbox@ptotalheight=\dimen163
 (C:\Users\walbe\AppData\Local\Programs\MiKTeX\tex/latex/ifoddpage\ifoddpage.sty
Package: ifoddpage 2022/10/18 v1.2 Conditionals for odd/even page detection
\c@checkoddpage=\count288
) (C:\Users\walbe\AppData\Local\Programs\MiKTeX\tex/latex/varwidth\varwidth.sty
Package: varwidth 2009/03/30 ver 0.92;  Variable-width minipages
\@vwid@box=\box54
\sift@deathcycles=\count289
\@vwid@loff=\dimen164
\@vwid@roff=\dimen165
)
==> First Aid for varwidth.sty applied!
) (C:\Users\walbe\AppData\Local\Programs\MiKTeX\tex/latex/geometry\geometry.sty
Package: geometry 2020/01/02 v5.9 Page Geometry
 (C:\Users\walbe\AppData\Local\Programs\MiKTeX\tex/generic/iftex\ifvtex.sty
Package: ifvtex 2019/10/25 v1.7 ifvtex legacy package. Use iftex instead.
 (C:\Users\walbe\AppData\Local\Programs\MiKTeX\tex/generic/iftex\iftex.sty
Package: iftex 2024/12/12 v1.0g TeX engine tests
))
\Gm@cnth=\count290
\Gm@cntv=\count291
\c@Gm@tempcnt=\count292
\Gm@bindingoffset=\dimen166
\Gm@wd@mp=\dimen167
\Gm@odd@mp=\dimen168
\Gm@even@mp=\dimen169
\Gm@layoutwidth=\dimen170
\Gm@layoutheight=\dimen171
\Gm@layouthoffset=\dimen172
\Gm@layoutvoffset=\dimen173
\Gm@dimlist=\toks23
 (C:\Users\walbe\AppData\Local\Programs\MiKTeX\tex/latex/geometry\geometry.cfg)) (C:\Users\walbe\AppData\Local\Programs\MiKTeX\tex/latex/amsmath\amsmath.sty
Package: amsmath 2025/06/16 v2.17y AMS math features
\@mathmargin=\skip51

For additional information on amsmath, use the `?' option.
(C:\Users\walbe\AppData\Local\Programs\MiKTeX\tex/latex/amsmath\amstext.sty
Package: amstext 2024/11/17 v2.01 AMS text
 (C:\Users\walbe\AppData\Local\Programs\MiKTeX\tex/latex/amsmath\amsgen.sty
File: amsgen.sty 1999/11/30 v2.0 generic functions
\@emptytoks=\toks24
\ex@=\dimen174
)) (C:\Users\walbe\AppData\Local\Programs\MiKTeX\tex/latex/amsmath\amsbsy.sty
Package: amsbsy 1999/11/29 v1.2d Bold Symbols
\pmbraise@=\dimen175
) (C:\Users\walbe\AppData\Local\Programs\MiKTeX\tex/latex/amsmath\amsopn.sty
Package: amsopn 2022/04/08 v2.04 operator names
)
\inf@bad=\count293
LaTeX Info: Redefining \frac on input line 233.
\uproot@=\count294
\leftroot@=\count295
LaTeX Info: Redefining \overline on input line 398.
LaTeX Info: Redefining \colon on input line 409.
\classnum@=\count296
\DOTSCASE@=\count297
LaTeX Info: Redefining \ldots on input line 495.
LaTeX Info: Redefining \dots on input line 498.
LaTeX Info: Redefining \cdots on input line 619.
\Mathstrutbox@=\box55
\strutbox@=\box56
LaTeX Info: Redefining \big on input line 721.
LaTeX Info: Redefining \Big on input line 722.
LaTeX Info: Redefining \bigg on input line 723.
LaTeX Info: Redefining \Bigg on input line 724.
\big@size=\dimen176
LaTeX Font Info:    Redeclaring font encoding OML on input line 742.
LaTeX Font Info:    Redeclaring font encoding OMS on input line 743.
\macc@depth=\count298
LaTeX Info: Redefining \bmod on input line 904.
LaTeX Info: Redefining \pmod on input line 909.
LaTeX Info: Redefining \smash on input line 939.
LaTeX Info: Redefining \relbar on input line 969.
LaTeX Info: Redefining \Relbar on input line 970.
\c@MaxMatrixCols=\count299
\dotsspace@=\muskip17
\c@parentequation=\count300
\dspbrk@lvl=\count301
\tag@help=\toks25
\row@=\count302
\column@=\count303
\maxfields@=\count304
\andhelp@=\toks26
\eqnshift@=\dimen177
\alignsep@=\dimen178
\tagshift@=\dimen179
\tagwidth@=\dimen180
\totwidth@=\dimen181
\lineht@=\dimen182
\@envbody=\toks27
\multlinegap=\skip52
\multlinetaggap=\skip53
\mathdisplay@stack=\toks28
LaTeX Info: Redefining \[ on input line 2949.
LaTeX Info: Redefining \] on input line 2950.
) (C:\Users\walbe\AppData\Local\Programs\MiKTeX\tex/latex/amsfonts\amssymb.sty
Package: amssymb 2013/01/14 v3.01 AMS font symbols
 (C:\Users\walbe\AppData\Local\Programs\MiKTeX\tex/latex/amsfonts\amsfonts.sty
Package: amsfonts 2013/01/14 v3.01 Basic AMSFonts support
\symAMSa=\mathgroup4
\symAMSb=\mathgroup5
LaTeX Font Info:    Redeclaring math symbol \hbar on input line 98.
LaTeX Font Info:    Overwriting math alphabet `\mathfrak' in version `bold'
(Font)                  U/euf/m/n --> U/euf/b/n on input line 106.
)) (C:\Users\walbe\AppData\Local\Programs\MiKTeX\tex/latex/xcolor\xcolor.sty
Package: xcolor 2024/09/29 v3.02 LaTeX color extensions (UK)
 (C:\Users\walbe\AppData\Local\Programs\MiKTeX\tex/latex/graphics-cfg\color.cfg
File: color.cfg 2016/01/02 v1.6 sample color configuration
)
Package xcolor Info: Driver file: pdftex.def on input line 274.
 (C:\Users\walbe\AppData\Local\Programs\MiKTeX\tex/latex/graphics\mathcolor.ltx)
Package xcolor Info: Model `cmy' substituted by `cmy0' on input line 1349.
Package xcolor Info: Model `hsb' substituted by `rgb' on input line 1353.
Package xcolor Info: Model `RGB' extended on input line 1365.
Package xcolor Info: Model `HTML' substituted by `rgb' on input line 1367.
Package xcolor Info: Model `Hsb' substituted by `hsb' on input line 1368.
Package xcolor Info: Model `tHsb' substituted by `hsb' on input line 1369.
Package xcolor Info: Model `HSB' substituted by `hsb' on input line 1370.
Package xcolor Info: Model `Gray' substituted by `gray' on input line 1371.
Package xcolor Info: Model `wave' substituted by `hsb' on input line 1372.
) (C:\Users\walbe\AppData\Local\Programs\MiKTeX\tex/latex/l3backend\l3backend-pdftex.def
File: l3backend-pdftex.def 2025-06-09 L3 backend support: PDF output (pdfTeX)
\l__color_backend_stack_int=\count305
) (Comp-hist-Iglesia_main.aux
LaTeX Info: Redefining \. on input line 9.
LaTeX Info: Redefining \% on input line 9.
Package babel Info: 'spanish' activates 'spanish' shorthands.
(babel)             Reported on input line 9.
)
\openout1 = `Comp-hist-Iglesia_main.aux'.

LaTeX Font Info:    Checking defaults for OML/cmm/m/it on input line 38.
LaTeX Font Info:    ... okay on input line 38.
LaTeX Font Info:    Checking defaults for OMS/cmsy/m/n on input line 38.
LaTeX Font Info:    ... okay on input line 38.
LaTeX Font Info:    Checking defaults for OT1/cmr/m/n on input line 38.
LaTeX Font Info:    ... okay on input line 38.
LaTeX Font Info:    Checking defaults for T1/cmr/m/n on input line 38.
LaTeX Font Info:    ... okay on input line 38.
LaTeX Font Info:    Checking defaults for TS1/cmr/m/n on input line 38.
LaTeX Font Info:    ... okay on input line 38.
LaTeX Font Info:    Checking defaults for OMX/cmex/m/n on input line 38.
LaTeX Font Info:    ... okay on input line 38.
LaTeX Font Info:    Checking defaults for U/cmr/m/n on input line 38.
LaTeX Font Info:    ... okay on input line 38.
 (C:\Users\walbe\AppData\Local\Programs\MiKTeX\tex/context/base/mkii\supp-pdf.mkii
[Loading MPS to PDF converter (version 2006.09.02).]
\scratchcounter=\count306
\scratchdimen=\dimen183
\scratchbox=\box57
\nofMPsegments=\count307
\nofMParguments=\count308
\everyMPshowfont=\toks29
\MPscratchCnt=\count309
\MPscratchDim=\dimen184
\MPnumerator=\count310
\makeMPintoPDFobject=\count311
\everyMPtoPDFconversion=\toks30
) (C:\Users\walbe\AppData\Local\Programs\MiKTeX\tex/latex/epstopdf-pkg\epstopdf-base.sty
Package: epstopdf-base 2020-01-24 v2.11 Base part for package epstopdf
Package epstopdf-base Info: Redefining graphics rule for `.eps' on input line 485.
 (C:\Users\walbe\AppData\Local\Programs\MiKTeX\tex/latex/00miktex\epstopdf-sys.cfg
File: epstopdf-sys.cfg 2021/03/18 v2.0 Configuration of epstopdf for MiKTeX
))
LaTeX Info: Redefining \. on input line 38.
LaTeX Info: Redefining \% on input line 38.

*geometry* driver: auto-detecting
*geometry* detected driver: pdftex
*geometry* verbose mode - [ preamble ] result:
* driver: pdftex
* paper: <default>
* layout: <same size as paper>
* layoutoffset:(h,v)=(0.0pt,0.0pt)
* modes: twoside 
* h-part:(L,W,R)=(72.2698pt, 469.75539pt, 72.2698pt)
* v-part:(T,H,B)=(72.2698pt, 650.43037pt, 72.2698pt)
* \paperwidth=614.295pt
* \paperheight=794.96999pt
* \textwidth=469.75539pt
* \textheight=650.43037pt
* \oddsidemargin=-0.00018pt
* \evensidemargin=-0.00018pt
* \topmargin=-31.87398pt
* \headheight=12.0pt
* \headsep=19.8738pt
* \topskip=12.0pt
* \footskip=30.0pt
* \marginparwidth=98.0pt
* \marginparsep=7.0pt
* \columnsep=10.0pt
* \skip\footins=10.8pt plus 4.0pt minus 2.0pt
* \hoffset=0.0pt
* \voffset=0.0pt
* \mag=1000
* \@twocolumnfalse
* \@twosidetrue
* \@mparswitchtrue
* \@reversemarginfalse
* (1in=72.27pt=25.4mm, 1cm=28.453pt)



[1


{C:/Users/walbe/AppData/Local/MiKTeX/fonts/map/pdftex/pdftex.map}]

[2

] (Comp-hist-Iglesia_main.toc
LaTeX Info: Redefining \. on input line 1.
LaTeX Info: Redefining \% on input line 1.
LaTeX Font Info:    Trying to load font information for U+msa on input line 3.
 (C:\Users\walbe\AppData\Local\Programs\MiKTeX\tex/latex/amsfonts\umsa.fd
File: umsa.fd 2013/01/14 v3.01 AMS symbols A
)
LaTeX Font Info:    Trying to load font information for U+msb on input line 3.
 (C:\Users\walbe\AppData\Local\Programs\MiKTeX\tex/latex/amsfonts\umsb.fd
File: umsb.fd 2013/01/14 v3.01 AMS symbols B
)

[3]

LaTeX Info: Redefining \. on input line 69.
LaTeX Info: Redefining \% on input line 69.
Package babel Info: 'spanish' activates 'spanish' shorthands.
(babel)             Reported on input line 69.
[4]

LaTeX Info: Redefining \. on input line 103.
LaTeX Info: Redefining \% on input line 103.
[5]

LaTeX Info: Redefining \. on input line 138.
LaTeX Info: Redefining \% on input line 138.
[6]
Overfull \hbox (3.00198pt too wide) detected at line 155
\T1/cmr/m/n/12 22.10. 
 []


Overfull \hbox (3.00198pt too wide) detected at line 156
\T1/cmr/m/n/12 22.11. 
 []


Overfull \hbox (3.00198pt too wide) detected at line 157
\T1/cmr/m/n/12 22.12. 
 []


Overfull \hbox (3.00198pt too wide) detected at line 158
\T1/cmr/m/n/12 22.13. 
 []


Overfull \hbox (3.00198pt too wide) detected at line 159
\T1/cmr/m/n/12 22.14. 
 []


Overfull \hbox (3.00198pt too wide) detected at line 160
\T1/cmr/m/n/12 22.15. 
 []



LaTeX Info: Redefining \. on input line 177.
LaTeX Info: Redefining \% on input line 177.
[7]
Overfull \hbox (3.00198pt too wide) detected at line 183
\T1/cmr/m/n/12 25.10. 
 []



LaTeX Info: Redefining \. on input line 215.
LaTeX Info: Redefining \% on input line 215.
[8])
\tf@toc=\write3
\openout3 = `Comp-hist-Iglesia_main.toc'.



LaTeX Info: Redefining \. on input line 52.
LaTeX Info: Redefining \% on input line 52.
[9]

LaTeX Info: Redefining \. on input line 52.
LaTeX Info: Redefining \% on input line 52.
[10

]
Cap\'{\i }tulo 1.


[11]

LaTeX Info: Redefining \. on input line 142.
LaTeX Info: Redefining \% on input line 142.
[12]

LaTeX Info: Redefining \. on input line 190.
LaTeX Info: Redefining \% on input line 190.
[13]

LaTeX Info: Redefining \. on input line 226.
LaTeX Info: Redefining \% on input line 226.
[14]

LaTeX Info: Redefining \. on input line 244.
LaTeX Info: Redefining \% on input line 244.
[15]

LaTeX Info: Redefining \. on input line 244.
LaTeX Info: Redefining \% on input line 244.
[16

]
Cap\'{\i }tulo 2.


[17]

LaTeX Info: Redefining \. on input line 250.
LaTeX Info: Redefining \% on input line 250.
[18

]

[19]

[20]
Cap\'{\i }tulo 3.


[21

]
Overfull \vbox (127.51166pt too high) has occurred while \output is active []



LaTeX Info: Redefining \. on input line 267.
LaTeX Info: Redefining \% on input line 267.

Overfull \hbox (226.32341pt too wide) has occurred while \output is active
\T1/cmr/m/n/12 22 \T1/cmr/m/sl/12 CAPÍTULO 3.  CAPÍTULO PRIMERO: ESTADO RELIGIOSO Y SOCIAL DEL MUNDO, A LA APARICIÓN DEL CRISTIANISMO
 []

[22]
Cap\'{\i }tulo 4.


[23

]

LaTeX Info: Redefining \. on input line 273.
LaTeX Info: Redefining \% on input line 273.

Overfull \hbox (97.64473pt too wide) has occurred while \output is active
\T1/cmr/m/n/12 24 \T1/cmr/m/sl/12 CAPÍTULO 4.  CAPÍTULO SEGUNDO: DESARROLLO DE LA DOCTRINA ECLESIÁSTICA. HEREJÍAS
 []

[24

]
Cap\'{\i }tulo 5.

Overfull \hbox (0.62457pt too wide) in paragraph at lines 277--277
[]\T1/cmr/bx/n/17.28 Bautismo y Con-fir-ma-ción. Con-tro-ver-sia so-bre el bau-
 []



[25]

LaTeX Info: Redefining \. on input line 281.
LaTeX Info: Redefining \% on input line 281.

Overfull \hbox (457.38376pt too wide) has occurred while \output is active
\T1/cmr/m/n/12 26 \T1/cmr/m/sl/12 CAPÍTULO 5.  CAPÍTULO TERCERO: CONSTITUCIÓN DE LA IGLESIA. CULTO Y DISCIPLINA: RASGOS FUNDAMENTALES DE LA CONSTITUCIÓN ECLESIÁSTICA
 []

[26

]

[27]

[28]
Cap\'{\i }tulo 6.


[29

]

LaTeX Info: Redefining \. on input line 286.
LaTeX Info: Redefining \% on input line 286.
[30

]
Cap\'{\i }tulo 7.


[31]

LaTeX Info: Redefining \. on input line 296.
LaTeX Info: Redefining \% on input line 296.

Overfull \hbox (99.59131pt too wide) has occurred while \output is active
\T1/cmr/m/n/12 32 \T1/cmr/m/sl/12 CAPÍTULO 7.  CAPÍTULO SEGUNDO: DESENVOLVIMIENTO CIENTÍFICO. HEREJÍAS Y CONCILIOS
 []

[32

]
Cap\'{\i }tulo 8.

Overfull \hbox (2.76912pt too wide) in paragraph at lines 297--297
[]\T1/cmr/bx/n/17.28 Perfeccionamiento y mul-ti-pli-ca-ción de los ofi-cios ecle-
 []



[33]

LaTeX Info: Redefining \. on input line 302.
LaTeX Info: Redefining \% on input line 302.
[34

]
Cap\'{\i }tulo 9.


[35]

LaTeX Info: Redefining \. on input line 308.
LaTeX Info: Redefining \% on input line 308.
[36

]

[37]

[38]
Cap\'{\i }tulo 10.


[39

]

LaTeX Info: Redefining \. on input line 317.
LaTeX Info: Redefining \% on input line 317.

Overfull \hbox (4.32318pt too wide) has occurred while \output is active
\T1/cmr/m/n/12 40 \T1/cmr/m/sl/12 CAPÍTULO 10.  CAPÍTULO PRIMERO: EXTENSIÓN Y LIMITACIÓN DE LA IGLESIA
 []

[40

]
Cap\'{\i }tulo 11.


[41]

LaTeX Info: Redefining \. on input line 322.
LaTeX Info: Redefining \% on input line 322.

Overfull \hbox (84.17749pt too wide) has occurred while \output is active
\T1/cmr/m/n/12 42 \T1/cmr/m/sl/12 CAPÍTULO 11.  CAPÍTULO SEGUNDO: EL PONTIFICADO Y EL IMPERIO. ESTADO Y LA IGLESIA
 []

[42

]
Cap\'{\i }tulo 12.


[43]

LaTeX Info: Redefining \. on input line 327.
LaTeX Info: Redefining \% on input line 327.

Overfull \hbox (65.10555pt too wide) has occurred while \output is active
\T1/cmr/m/n/12 44 \T1/cmr/m/sl/12 CAPÍTULO 12.  CAPÍTULO TERCERO: DESARROLLO DE LA DOCTRINA. HEREJÍA Y CISMAS
 []

[44

]
Cap\'{\i }tulo 13.


[45]

LaTeX Info: Redefining \. on input line 333.
LaTeX Info: Redefining \% on input line 333.

Overfull \hbox (73.5822pt too wide) has occurred while \output is active
\T1/cmr/m/n/12 46 \T1/cmr/m/sl/12 CAPÍTULO 13.  CAPÍTULO CUARTO: CONSTITUCIÓN, DISCIPLINA, CULTO, VIDA CRISTIANA
 []

[46

]

[47]

[48]
Cap\'{\i }tulo 14.


[49

]

LaTeX Info: Redefining \. on input line 342.
LaTeX Info: Redefining \% on input line 342.

Overfull \hbox (99.75014pt too wide) has occurred while \output is active
\T1/cmr/m/n/12 50 \T1/cmr/m/sl/12 CAPÍTULO 14.  CAPÍTULO PRIMERO: EL PONTIFICADO Y EL IMPERIO. EL ESTADO Y LA IGLESIA
 []

[50

]
Cap\'{\i }tulo 15.


[51]

LaTeX Info: Redefining \. on input line 347.
LaTeX Info: Redefining \% on input line 347.
[52

]
Cap\'{\i }tulo 16.


[53]

LaTeX Info: Redefining \. on input line 351.
LaTeX Info: Redefining \% on input line 351.
[54

]
Cap\'{\i }tulo 17.


[55]

LaTeX Info: Redefining \. on input line 355.
LaTeX Info: Redefining \% on input line 355.

Overfull \hbox (50.16916pt too wide) has occurred while \output is active
\T1/cmr/m/n/12 56 \T1/cmr/m/sl/12 CAPÍTULO 17.  CAPÍTULO CUARTO: LA DOCTRINA DE LA IGLESIA Y SUS ADVERSARIOS
 []

[56

]
Cap\'{\i }tulo 18.


[57]

LaTeX Info: Redefining \. on input line 360.
LaTeX Info: Redefining \% on input line 360.
[58

]

[59]

[60]
Cap\'{\i }tulo 19.


[61

]

LaTeX Info: Redefining \. on input line 367.
LaTeX Info: Redefining \% on input line 367.
[62

]
Cap\'{\i }tulo 20.


[63]

LaTeX Info: Redefining \. on input line 371.
LaTeX Info: Redefining \% on input line 371.

Overfull \hbox (204.63246pt too wide) has occurred while \output is active
\T1/cmr/m/n/12 64 \T1/cmr/m/sl/12 CAPÍTULO 20.  CAPÍTULO SEGUNDO. DESENVOLVIMIENTO DE LA DOCTRINA. HEREJÍAS. CIENCIA ECLESIÁSTICA
 []

[64

]
Cap\'{\i }tulo 21.


[65]

LaTeX Info: Redefining \. on input line 377.
LaTeX Info: Redefining \% on input line 377.

Overfull \hbox (13.56377pt too wide) has occurred while \output is active
\T1/cmr/m/n/12 66 \T1/cmr/m/sl/12 CAPÍTULO 21.  CAPÍTULO TERCERO: CONSTITUCIÓN, CULTO Y VIDA CRISTIANA
 []

[66

]

[67]

[68]
Cap\'{\i }tulo 22.


[69

]
Overfull \vbox (153.13553pt too high) has occurred while \output is active []



LaTeX Info: Redefining \. on input line 394.
LaTeX Info: Redefining \% on input line 394.
[70]
Cap\'{\i }tulo 23.


[71

]

LaTeX Info: Redefining \. on input line 403.
LaTeX Info: Redefining \% on input line 403.
[72

]
Cap\'{\i }tulo 24.


[73]

LaTeX Info: Redefining \. on input line 406.
LaTeX Info: Redefining \% on input line 406.

Overfull \hbox (85.98772pt too wide) has occurred while \output is active
\T1/cmr/m/n/12 74 \T1/cmr/m/sl/12 CAPÍTULO 24.  CAPÍTULO TERCERO: DESENVOLVIMIENTO INTERNO DEL PROTESTANTISMO
 []

[74

]
Cap\'{\i }tulo 25.


[75]

LaTeX Info: Redefining \. on input line 417.
LaTeX Info: Redefining \% on input line 417.

Overfull \hbox (57.83244pt too wide) has occurred while \output is active
\T1/cmr/m/n/12 76 \T1/cmr/m/sl/12 CAPÍTULO 25.  CAPÍTULO CUARTO: LA IGLESIA CATÓLICA Y LA VERDADERA REFORMA
 []

[76

]
Cap\'{\i }tulo 26.


[77]

LaTeX Info: Redefining \. on input line 421.
LaTeX Info: Redefining \% on input line 421.

Overfull \hbox (34.5948pt too wide) has occurred while \output is active
\T1/cmr/m/n/12 78 \T1/cmr/m/sl/12 CAPÍTULO 26.  CAPÍTULO QUINTO: PREPARACIÓN DE LA ÉPOCO REVOLUCIONARIA
 []

[78

]

[79]

[80]
Cap\'{\i }tulo 27.


[81

]

LaTeX Info: Redefining \. on input line 427.
LaTeX Info: Redefining \% on input line 427.

Overfull \hbox (125.449pt too wide) has occurred while \output is active
\T1/cmr/m/n/12 82 \T1/cmr/m/sl/12 CAPÍTULO 27.  CAPÍTULO PRIMERO: LA REVOLUCIÓN FRANCESA. SUS CONSECUENCIAS PRÓXIMAS
 []

[82

]
Cap\'{\i }tulo 28.


[83]

LaTeX Info: Redefining \. on input line 433.
LaTeX Info: Redefining \% on input line 433.
[84

]
Cap\'{\i }tulo 29.


[85]

LaTeX Info: Redefining \. on input line 441.
LaTeX Info: Redefining \% on input line 441.

Overfull \hbox (35.67264pt too wide) has occurred while \output is active
\T1/cmr/m/n/12 86 \T1/cmr/m/sl/12 CAPÍTULO 29.  CAPÍTULO TERCERO: LA IGLESA CATÓLICA EN LOS DEMÁS ESTADOS
 []

[86

]
Cap\'{\i }tulo 30.


[87]

LaTeX Info: Redefining \. on input line 448.
LaTeX Info: Redefining \% on input line 448.

Overfull \hbox (18.6795pt too wide) has occurred while \output is active
\T1/cmr/m/n/12 88 \T1/cmr/m/sl/12 CAPÍTULO 30.  CAPÍTULO CUARTO: VIDA INTERIOR Y EXTENSIÓN DE LA IGLESIA
 []

[88

]
Cap\'{\i }tulo 31.


[89] (Comp-hist-Iglesia_main.aux
LaTeX Info: Redefining \. on input line 9.
LaTeX Info: Redefining \% on input line 9.
)
 ***********
LaTeX2e <2025-06-01> patch level 1
L3 programming layer <2025-07-20>
 ***********
 ) 
Here is how much of TeX's memory you used:
 6514 strings out of 468134
 103334 string characters out of 5430740
 531112 words of memory out of 5000000
 35034 multiletter control sequences out of 15000+600000
 638802 words of font info for 68 fonts, out of 8000000 for 9000
 1141 hyphenation exceptions out of 8191
 58i,6n,66p,826b,664s stack positions out of 10000i,1000n,20000p,200000b,200000s
 <C:\Users\walbe\AppData\Local\MiKTeX\fonts/pk/ljfour/jknappen/ec/dpi600\tcrm1200.pk> <C:\Users\walbe\AppData\Local\MiKTeX\fonts/pk/ljfour/jknappen/ec/dpi600\ecbx1728.pk> <C:\Users\walbe\AppData\Local\MiKTeX\fonts/pk/ljfour/jknappen/ec/dpi600\ecsl1200.pk> <C:\Users\walbe\AppData\Local\MiKTeX\fonts/pk/ljfour/jknappen/ec/dpi600\ecbx1200.pk> <C:\Users\walbe\AppData\Local\MiKTeX\fonts/pk/ljfour/jknappen/ec/dpi600\ecbx1440.pk> <C:\Users\walbe\AppData\Local\MiKTeX\fonts/pk/ljfour/jknappen/ec/dpi600\ecrm1440.pk> <C:\Users\walbe\AppData\Local\MiKTeX\fonts/pk/ljfour/jknappen/ec/dpi600\ecrm1200.pk> <C:\Users\walbe\AppData\Local\MiKTeX\fonts/pk/ljfour/jknappen/ec/dpi600\ecrm2488.pk> <C:\Users\walbe\AppData\Local\MiKTeX\fonts/pk/ljfour/jknappen/ec/dpi600\ecbx2488.pk>
Output written on Comp-hist-Iglesia_main.pdf (89 pages, 237719 bytes).
PDF statistics:
 735 PDF objects out of 1000 (max. 8388607)
 0 named destinations out of 1000 (max. 500000)
 1 words of extra memory for PDF output out of 10000 (max. 10000000)

