\BOOKMARK [0][-]{chapter.1}{\376\377\000P\000r\000e\000s\000e\000n\000t\000a\000c\000i\000\363\000n\000\040\000d\000e\000l\000\040\000l\000i\000b\000r\000o}{}% 1
\BOOKMARK [1][-]{section.1.1}{\376\377\000I\000n\000f\000o\000r\000m\000a\000c\000i\000\363\000n\000\040\000g\000e\000n\000e\000r\000a\000l}{chapter.1}% 2
\BOOKMARK [1][-]{section.1.2}{\376\377\000S\000o\000b\000r\000e\000\040\000e\000s\000t\000a\000\040\000r\000e\000e\000d\000i\000c\000i\000\363\000n\000\040\000d\000i\000g\000i\000t\000a\000l}{chapter.1}% 3
\BOOKMARK [1][-]{section.1.3}{\376\377\000P\000r\000e\000f\000a\000c\000i\000o}{chapter.1}% 4
\BOOKMARK [1][-]{section.1.4}{\376\377\000A\000p\000r\000o\000b\000a\000c\000i\000o\000n\000e\000s\000\040\000p\000o\000n\000t\000i\000f\000i\000c\000i\000a\000s}{chapter.1}% 5
\BOOKMARK [2][-]{subsection.1.4.1}{\376\377\000P\000r\000i\000m\000e\000r\000a\000\040\000c\000a\000r\000t\000a}{section.1.4}% 6
\BOOKMARK [2][-]{subsection.1.4.2}{\376\377\000S\000e\000g\000u\000n\000d\000a\000\040\000c\000a\000r\000t\000a}{section.1.4}% 7
\BOOKMARK [1][-]{section.1.5}{\376\377\000D\000e\000\040\000l\000o\000s\000\040\000p\000r\000\363\000l\000o\000g\000o\000s\000\040\000d\000e\000l\000\040\000a\000u\000t\000o\000r}{chapter.1}% 8
\BOOKMARK [1][-]{section.1.6}{\376\377\000A\000b\000r\000e\000v\000i\000a\000t\000u\000r\000a\000s}{chapter.1}% 9
\BOOKMARK [0][-]{chapter.2}{\376\377\000I\000n\000t\000r\000o\000d\000u\000c\000c\000i\000\363\000n}{}% 10
\BOOKMARK [1][-]{subsection.2.0.1}{\376\377\000B\000i\000b\000l\000i\000o\000g\000r\000a\000f\000\355\000a}{chapter.2}% 11
\BOOKMARK [1][-]{section.2.1}{\376\377\000C\000o\000n\000c\000e\000p\000t\000o\000\040\000d\000e\000\040\000H\000i\000s\000t\000o\000r\000i\000a\000\040\000E\000c\000l\000e\000s\000i\000\341\000s\000t\000i\000c\000a}{chapter.2}% 12
\BOOKMARK [1][-]{section.2.2}{\376\377\000D\000i\000v\000i\000s\000i\000\363\000n\000\040\000d\000e\000\040\000H\000i\000s\000t\000o\000r\000i\000a\000\040\000E\000c\000l\000e\000s\000i\000\341\000s\000t\000i\000c\000a}{chapter.2}% 13
\BOOKMARK [1][-]{section.2.3}{\376\377\000F\000u\000e\000n\000t\000e\000s\000\040\000y\000\040\000c\000i\000e\000n\000c\000i\000a\000s\000\040\000a\000u\000x\000i\000l\000i\000a\000r\000e\000s\000\040\000d\000e\000\040\000l\000a\000\040\000H\000i\000s\000t\000o\000r\000i\000a\000\040\000E\000c\000l\000e\000s\000i\000\341\000s\000t\000i\000c\000a}{chapter.2}% 14
\BOOKMARK [2][-]{subsection.2.3.1}{\376\377\000B\000i\000b\000l\000i\000o\000g\000r\000a\000f\000\355\000a}{section.2.3}% 15
\BOOKMARK [2][-]{subsection.2.3.2}{\376\377\000C\000i\000e\000n\000c\000i\000a\000s\000\040\000a\000u\000x\000i\000l\000i\000a\000r\000e\000s}{section.2.3}% 16
\BOOKMARK [1][-]{section.2.4}{\376\377\000M\000\351\000t\000o\000d\000o\000\040\000d\000e\000\040\000l\000a\000\040\000H\000i\000s\000t\000o\000r\000i\000a\000\040\000E\000c\000l\000e\000s\000i\000\341\000s\000t\000i\000c\000a}{chapter.2}% 17
\BOOKMARK [1][-]{section.2.5}{\376\377\000D\000e\000s\000e\000n\000v\000o\000l\000v\000i\000m\000i\000e\000n\000t\000o\000\040\000d\000e\000\040\000l\000a\000\040\000H\000i\000s\000t\000o\000r\000i\000a\000\040\000E\000c\000l\000e\000s\000i\000\341\000s\000t\000i\000c\000a}{chapter.2}% 18
\BOOKMARK [-1][-]{part.1}{\376\377\000I\000\040\000\311\000p\000o\000c\000a\000\040\000P\000i\000m\000e\000r\000a\000.\000\040\000P\000r\000i\000m\000e\000r\000\040\000P\000e\000r\000\355\000o\000d\000o\000:\000\040\000d\000e\000\040\000l\000a\000s\000\040\000p\000e\000r\000s\000e\000c\000u\000c\000i\000o\000n\000e\000s\000\040\000d\000e\000l\000\040\000C\000r\000i\000s\000t\000i\000a\000n\000i\000s\000m\000o\000\040\000h\000a\000t\000a\000\040\000e\000l\000\040\000e\000d\000i\000c\000t\000o\000\040\000d\000e\000\040\000C\000o\000n\000s\000t\000a\000n\000t\000i\000n\000o}{}% 19
\BOOKMARK [0][-]{chapter.3}{\376\377\000C\000a\000p\000\355\000t\000u\000l\000o\000\040\000P\000r\000i\000m\000e\000r\000o\000:\000\040\000E\000s\000t\000a\000d\000o\000\040\000r\000e\000l\000i\000g\000i\000o\000s\000o\000\040\000y\000\040\000s\000o\000c\000i\000a\000l\000\040\000d\000e\000l\000\040\000m\000u\000n\000d\000o\000,\000\040\000a\000\040\000l\000a\000\040\000a\000p\000a\000r\000i\000c\000i\000\363\000n\000\040\000d\000e\000l\000\040\000C\000r\000i\000s\000t\000i\000a\000n\000i\000s\000m\000o}{part.1}% 20
\BOOKMARK [1][-]{section.3.1}{\376\377\000E\000s\000t\000a\000d\000o\000\040\000d\000e\000l\000\040\000J\000u\000d\000a\000\355\000s\000m\000o}{chapter.3}% 21
\BOOKMARK [1][-]{section.3.2}{\376\377\000E\000s\000t\000a\000d\000o\000\040\000d\000e\000l\000\040\000p\000a\000g\000a\000n\000i\000s\000m\000o\000\040\000e\000n\000\040\000e\000l\000\040\000I\000m\000p\000e\000r\000i\000o\000\040\000R\000o\000m\000a\000n\000o}{chapter.3}% 22
\BOOKMARK [2][-]{subsection.3.2.1}{\376\377\000P\000r\000e\000p\000a\000r\000a\000c\000i\000\363\000n\000\040\000d\000e\000\040\000l\000o\000s\000\040\000p\000a\000g\000a\000n\000o\000s\000\040\000p\000a\000r\000a\000\040\000e\000l\000\040\000C\000r\000i\000s\000t\000i\000a\000n\000i\000s\000m\000o}{section.3.2}% 23
\BOOKMARK [2][-]{subsection.3.2.2}{\376\377\000O\000b\000s\000t\000\341\000c\000u\000l\000o\000s\000\040\000p\000a\000r\000a\000\040\000l\000a\000\040\000p\000r\000o\000p\000a\000g\000a\000c\000i\000\363\000n\000\040\000d\000e\000l\000\040\000C\000r\000i\000s\000t\000i\000a\000n\000i\000s\000m\000o}{section.3.2}% 24
\BOOKMARK [1][-]{section.3.3}{\376\377\000J\000e\000s\000u\000C\000r\000i\000s\000t\000o\000,\000\040\000F\000u\000n\000d\000a\000d\000o\000r\000\040\000d\000e\000\040\000l\000a\000\040\000I\000g\000l\000e\000s\000i\000a}{chapter.3}% 25
\BOOKMARK [1][-]{section.3.4}{\376\377\000L\000a\000\040\000p\000r\000i\000m\000i\000t\000i\000v\000a\000\040\000c\000o\000m\000u\000n\000i\000d\000a\000d\000\040\000d\000e\000\040\000J\000e\000r\000u\000s\000a\000l\000e\000m}{chapter.3}% 26
\BOOKMARK [1][-]{section.3.5}{\376\377\000L\000a\000\040\000I\000g\000l\000e\000s\000i\000a\000\040\000s\000e\000\040\000s\000e\000p\000a\000r\000a\000\040\000d\000e\000\040\000l\000a\000\040\000S\000i\000n\000a\000g\000o\000g\000a\000.\000\040\000A\000d\000m\000i\000s\000i\000\363\000n\000\040\000d\000e\000\040\000l\000o\000s\000\040\000G\000e\000n\000t\000i\000l\000e\000s}{chapter.3}% 27
\BOOKMARK [1][-]{section.3.6}{\376\377\000E\000l\000\040\000a\000p\000o\000s\000t\000o\000l\000\040\000d\000e\000\040\000l\000a\000s\000\040\000g\000e\000n\000t\000e\000s\000:\000\040\000S\000a\000n\000\040\000P\000a\000b\000l\000o}{chapter.3}% 28
\BOOKMARK [1][-]{section.3.7}{\376\377\000S\000a\000n\000\040\000P\000e\000d\000r\000o\000.\000\040\000F\000u\000n\000d\000a\000c\000i\000\363\000n\000\040\000d\000e\000\040\000l\000a\000\040\000I\000g\000l\000e\000s\000i\000a\000\040\000R\000o\000m\000a\000n\000a}{chapter.3}% 29
\BOOKMARK [1][-]{section.3.8}{\376\377\000L\000o\000s\000\040\000d\000e\000m\000\341\000s\000\040\000a\000p\000\363\000s\000t\000o\000l\000e\000s\000:\000\040\000D\000i\000s\000c\000\355\000p\000u\000l\000o\000s\000\040\000d\000e\000\040\000l\000o\000s\000\040\000a\000p\000o\000s\000t\000o\000l\000e\000s}{chapter.3}% 30
\BOOKMARK [1][-]{section.3.9}{\376\377\000C\000a\000u\000s\000a\000s\000\040\000y\000\040\000c\000a\000r\000\341\000c\000t\000e\000r\000\040\000d\000e\000\040\000l\000a\000s\000\040\000p\000e\000r\000s\000e\000c\000u\000c\000i\000o\000n\000e\000s}{chapter.3}% 31
\BOOKMARK [1][-]{section.3.10}{\376\377\000L\000a\000s\000\040\000p\000e\000r\000s\000e\000c\000u\000c\000i\000o\000n\000e\000s}{chapter.3}% 32
\BOOKMARK [1][-]{section.3.11}{\376\377\000S\000i\000g\000n\000i\000f\000i\000c\000a\000d\000o\000\040\000d\000e\000l\000\040\000M\000a\000r\000t\000i\000r\000i\000o\000\040\000p\000a\000r\000a\000\040\000l\000a\000\040\000I\000g\000l\000e\000s\000i\000a}{chapter.3}% 33
\BOOKMARK [1][-]{section.3.12}{\376\377\000E\000l\000\040\000C\000r\000i\000s\000t\000i\000a\000n\000i\000s\000m\000o\000\040\000a\000t\000a\000c\000a\000d\000o\000\040\000c\000o\000n\000\040\000a\000r\000m\000a\000s\000\040\000i\000n\000t\000e\000l\000e\000c\000t\000u\000a\000l\000e\000s}{chapter.3}% 34
\BOOKMARK [1][-]{section.3.13}{\376\377\000E\000x\000t\000e\000n\000s\000i\000\363\000n\000\040\000d\000e\000l\000\040\000C\000r\000i\000s\000t\000i\000a\000n\000i\000s\000m\000o\000\040\000a\000l\000\040\000f\000i\000n\000\040\000d\000e\000\040\000l\000a\000s\000\040\000p\000e\000r\000s\000e\000c\000u\000c\000i\000o\000n\000e\000s}{chapter.3}% 35
\BOOKMARK [0][-]{chapter.4}{\376\377\000C\000a\000p\000\355\000t\000u\000l\000o\000\040\000S\000e\000g\000u\000n\000d\000o\000:\000\040\000D\000e\000s\000a\000r\000r\000o\000l\000l\000o\000\040\000d\000e\000\040\000l\000a\000\040\000D\000o\000c\000t\000r\000i\000n\000a\000\040\000E\000c\000l\000e\000s\000i\000\341\000s\000t\000i\000c\000a\000.\000\040\000H\000e\000r\000e\000j\000\355\000a\000s}{part.1}% 36
\BOOKMARK [1][-]{section.4.1}{\376\377\000H\000e\000r\000e\000j\000e\000s\000\040\000j\000u\000d\000a\000i\000z\000a\000n\000t\000e\000s}{chapter.4}% 37
\BOOKMARK [1][-]{section.4.2}{\376\377\000G\000n\000o\000s\000t\000i\000c\000i\000s\000m\000o}{chapter.4}% 38
\BOOKMARK [1][-]{section.4.3}{\376\377\000L\000o\000s\000\040\000m\000o\000n\000a\000r\000q\000u\000i\000a\000n\000o\000s}{chapter.4}% 39
\BOOKMARK [1][-]{section.4.4}{\376\377\000C\000i\000e\000n\000c\000i\000a\000\040\000y\000\040\000l\000i\000t\000e\000r\000a\000t\000u\000r\000a\000\040\000c\000r\000i\000s\000t\000i\000a\000n\000a}{chapter.4}% 40
\BOOKMARK [1][-]{section.4.5}{\376\377\000D\000e\000s\000a\000r\000r\000o\000l\000l\000o\000\040\000d\000e\000\040\000l\000a\000\040\000D\000o\000c\000t\000r\000i\000n\000a\000\040\000E\000c\000l\000e\000s\000i\000\341\000s\000t\000i\000c\000a}{chapter.4}% 41
\BOOKMARK [0][-]{chapter.5}{\376\377\000C\000a\000p\000\355\000t\000u\000l\000o\000\040\000T\000e\000r\000c\000e\000r\000o\000:\000\040\000C\000o\000n\000s\000t\000i\000t\000u\000c\000i\000\363\000n\000\040\000d\000e\000\040\000l\000a\000\040\000I\000g\000l\000e\000s\000i\000a\000.\000\040\000C\000u\000l\000t\000o\000\040\000y\000\040\000D\000i\000s\000c\000i\000p\000l\000i\000n\000a\000:\000\040\000r\000a\000s\000g\000o\000s\000\040\000f\000u\000n\000d\000a\000m\000e\000n\000t\000a\000l\000e\000s\000\040\000d\000e\000\040\000l\000a\000\040\000c\000o\000n\000s\000t\000i\000t\000u\000c\000i\000\363\000n\000\040\000e\000c\000l\000e\000s\000i\000\341\000s\000t\000i\000c\000a}{part.1}% 42
\BOOKMARK [1][-]{section.5.1}{\376\377\000D\000e\000s\000a\000r\000r\000o\000l\000l\000o\000\040\000d\000e\000\040\000l\000a\000\040\000c\000o\000n\000s\000t\000i\000t\000u\000c\000i\000\363\000n}{chapter.5}% 43
\BOOKMARK [1][-]{section.5.2}{\376\377\000V\000i\000d\000a\000\040\000d\000e\000l\000\040\000c\000l\000e\000r\000o}{chapter.5}% 44
\BOOKMARK [1][-]{section.5.3}{\376\377\000P\000r\000i\000m\000a\000d\000o\000\040\000d\000e\000l\000\040\000O\000b\000i\000s\000p\000o\000\040\000d\000e\000\040\000R\000o\000m\000a}{chapter.5}% 45
\BOOKMARK [1][-]{section.5.4}{\376\377\000B\000a\000u\000t\000i\000s\000m\000o\000\040\000y\000\040\000C\000o\000n\000f\000i\000r\000m\000a\000c\000i\000\363\000n\000.\000\040\000C\000o\000n\000t\000r\000o\000v\000e\000r\000s\000i\000a\000\040\000s\000o\000b\000r\000e\000\040\000e\000l\000\040\000b\000a\000u\000t\000i\000s\000m\000o\000\040\000d\000e\000\040\000l\000o\000s\000\040\000h\000e\000r\000e\000j\000e\000s}{chapter.5}% 46
\BOOKMARK [1][-]{section.5.5}{\376\377\000L\000a\000\040\000d\000i\000s\000c\000i\000p\000l\000i\000n\000a\000\040\000p\000e\000n\000i\000t\000e\000n\000c\000i\000a\000l\000.\000\040\000C\000i\000s\000m\000a\000s}{chapter.5}% 47
\BOOKMARK [1][-]{section.5.6}{\376\377\000E\000l\000\040\000c\000u\000l\000t\000o\000.\000\040\000L\000a\000s\000\040\000f\000i\000e\000s\000t\000a\000s\000.\000\040\000C\000o\000n\000t\000r\000o\000v\000e\000r\000s\000i\000a\000\040\000s\000o\000b\000r\000e\000\040\000l\000a\000\040\000P\000a\000s\000c\000u\000a}{chapter.5}% 48
\BOOKMARK [1][-]{section.5.7}{\376\377\000L\000a\000\040\000v\000i\000d\000a\000\040\000c\000r\000i\000s\000t\000i\000a\000n\000a}{chapter.5}% 49
\BOOKMARK [-1][-]{part.2}{\376\377\000I\000I\000\040\000\311\000p\000o\000c\000a\000\040\000P\000r\000i\000m\000e\000r\000a\000.\000\040\000S\000e\000g\000u\000n\000d\000o\000\040\000P\000e\000r\000\355\000o\000d\000o\000:\000\040\000\311\000p\000o\000c\000a\000\040\000d\000e\000\040\000l\000u\000c\000h\000a\000s\000\040\000D\000o\000g\000m\000\341\000t\000i\000c\000a\000s}{}% 50
\BOOKMARK [0][-]{chapter.6}{\376\377\000C\000a\000p\000\355\000t\000u\000l\000o\000\040\000P\000r\000i\000m\000e\000r\000o\000:\000\040\000h\000i\000s\000t\000o\000r\000i\000a\000\040\000e\000x\000t\000e\000r\000n\000a\000\040\000d\000e\000\040\000l\000a\000\040\000I\000g\000l\000e\000s\000i\000a}{part.2}% 51
\BOOKMARK [1][-]{section.6.1}{\376\377\000C\000r\000i\000s\000t\000i\000a\000n\000i\000s\000m\000o\000\040\000f\000u\000e\000r\000a\000\040\000d\000e\000l\000\040\000I\000m\000p\000e\000r\000i\000o\000\040\000R\000o\000m\000a\000n\000o}{chapter.6}% 52
\BOOKMARK [1][-]{section.6.2}{\376\377\000R\000u\000i\000n\000a\000\040\000d\000e\000l\000\040\000p\000a\000g\000a\000n\000i\000s\000m\000o\000\040\000e\000n\000\040\000e\000l\000\040\000I\000m\000p\000e\000r\000i\000o\000\040\000R\000o\000m\000a\000n\000o}{chapter.6}% 53
\BOOKMARK [1][-]{section.6.3}{\376\377\000L\000a\000\040\000I\000g\000l\000e\000s\000i\000a\000\040\000y\000\040\000e\000l\000\040\000I\000m\000p\000e\000r\000i\000o\000\040\000R\000o\000m\000a\000n\000o}{chapter.6}% 54
\BOOKMARK [0][-]{chapter.7}{\376\377\000C\000a\000p\000\355\000t\000u\000l\000o\000\040\000S\000e\000g\000u\000n\000d\000o\000:\000\040\000D\000e\000s\000e\000n\000v\000o\000l\000v\000i\000m\000i\000e\000n\000t\000o\000\040\000c\000i\000e\000n\000t\000\355\000f\000i\000c\000o\000.\000\040\000H\000e\000r\000e\000j\000\355\000a\000s\000\040\000y\000\040\000c\000o\000n\000c\000i\000l\000i\000o\000s}{part.2}% 55
\BOOKMARK [1][-]{section.7.1}{\376\377\000L\000o\000s\000\040\000d\000o\000n\000a\000t\000i\000s\000t\000a\000s}{chapter.7}% 56
\BOOKMARK [1][-]{section.7.2}{\376\377\000E\000l\000\040\000a\000r\000r\000i\000a\000n\000i\000s\000m\000o\000.\000\040\000P\000r\000i\000m\000e\000r\000\040\000C\000o\000n\000s\000i\000l\000i\000o\000\040\000U\000n\000i\000v\000e\000r\000s\000a\000l}{chapter.7}% 57
\BOOKMARK [1][-]{section.7.3}{\376\377\000D\000e\000r\000i\000v\000a\000c\000i\000o\000n\000e\000s\000\040\000d\000e\000l\000\040\000A\000r\000r\000i\000a\000n\000i\000s\000m\000o\000\040\000y\000\040\000o\000t\000r\000a\000s\000\040\000h\000e\000r\000e\000j\000\355\000a\000s\000\040\000s\000i\000m\000u\000l\000t\000\341\000n\000e\000a\000s}{chapter.7}% 58
\BOOKMARK [1][-]{section.7.4}{\376\377\000E\000l\000\040\000p\000r\000i\000s\000c\000i\000l\000i\000a\000n\000i\000s\000m\000o\000.\000\040\000S\000e\000c\000t\000a\000s\000\040\000m\000e\000n\000o\000r\000e\000s}{chapter.7}% 59
\BOOKMARK [1][-]{section.7.5}{\376\377\000E\000l\000\040\000p\000e\000l\000a\000g\000i\000a\000n\000i\000s\000m\000o}{chapter.7}% 60
\BOOKMARK [1][-]{section.7.6}{\376\377\000E\000l\000\040\000n\000e\000s\000t\000o\000r\000i\000a\000n\000i\000s\000m\000o}{chapter.7}% 61
\BOOKMARK [1][-]{section.7.7}{\376\377\000E\000l\000\040\000m\000o\000n\000o\000f\000i\000s\000i\000t\000i\000s\000m\000o}{chapter.7}% 62
\BOOKMARK [1][-]{section.7.8}{\376\377\000E\000l\000\040\000m\000o\000n\000o\000t\000e\000l\000i\000s\000m\000o}{chapter.7}% 63
\BOOKMARK [1][-]{section.7.9}{\376\377\000C\000i\000e\000n\000c\000i\000a\000\040\000y\000\040\000l\000i\000t\000e\000r\000a\000t\000u\000r\000a\000\040\000E\000c\000l\000e\000s\000i\000\341\000s\000t\000i\000c\000a}{chapter.7}% 64
\BOOKMARK [0][-]{chapter.8}{\376\377\000C\000a\000p\000\355\000t\000u\000l\000o\000\040\000T\000e\000r\000c\000e\000r\000o\000:\000\040\000L\000a\000\040\000c\000o\000n\000s\000t\000i\000t\000u\000c\000i\000\363\000n\000\040\000E\000c\000l\000e\000s\000i\000\341\000s\000t\000i\000c\000a}{part.2}% 65
\BOOKMARK [1][-]{section.8.1}{\376\377\000P\000e\000r\000f\000e\000c\000c\000i\000o\000n\000a\000m\000i\000e\000n\000t\000o\000\040\000y\000\040\000m\000u\000l\000t\000i\000p\000l\000i\000c\000a\000c\000i\000\363\000n\000\040\000d\000e\000\040\000l\000o\000s\000\040\000o\000f\000i\000c\000i\000o\000s\000\040\000e\000c\000l\000e\000s\000i\000\341\000s\000t\000i\000c\000o\000s}{chapter.8}% 66
\BOOKMARK [1][-]{section.8.2}{\376\377\000P\000r\000i\000m\000a\000d\000o\000\040\000d\000e\000l\000\040\000O\000b\000i\000s\000p\000o\000\040\000d\000e\000\040\000R\000o\000m\000a}{chapter.8}% 67
\BOOKMARK [1][-]{section.8.3}{\376\377\000L\000o\000s\000\040\000S\000\355\000n\000o\000d\000o\000s}{chapter.8}% 68
\BOOKMARK [1][-]{section.8.4}{\376\377\000E\000l\000\040\000C\000l\000e\000r\000o}{chapter.8}% 69
\BOOKMARK [1][-]{section.8.5}{\376\377\000V\000i\000d\000a\000\040\000m\000o\000n\000\341\000s\000t\000i\000c\000a}{chapter.8}% 70
\BOOKMARK [0][-]{chapter.9}{\376\377\000C\000a\000p\000\355\000t\000u\000l\000o\000\040\000C\000u\000a\000r\000t\000o\000:\000\040\000C\000u\000l\000t\000o\000,\000\040\000d\000i\000s\000c\000i\000p\000l\000i\000n\000a\000\040\000y\000\040\000v\000i\000d\000a\000\040\000c\000r\000i\000s\000t\000i\000a\000n\000a}{part.2}% 71
\BOOKMARK [1][-]{section.9.1}{\376\377\000S\000a\000c\000r\000a\000m\000e\000n\000t\000o\000s\000:\000\040\000L\000a\000\040\000S\000a\000n\000t\000a\000\040\000M\000i\000s\000a}{chapter.9}% 72
\BOOKMARK [1][-]{section.9.2}{\376\377\000D\000e\000r\000e\000c\000h\000o\000\040\000p\000e\000n\000a\000l\000.\000\040\000P\000e\000n\000i\000t\000e\000n\000c\000i\000a\000\040\000p\000\372\000b\000l\000i\000c\000a}{chapter.9}% 73
\BOOKMARK [1][-]{section.9.3}{\376\377\000T\000e\000m\000p\000l\000o\000s\000,\000\040\000a\000y\000u\000n\000o\000s\000,\000\040\000f\000e\000s\000t\000i\000v\000i\000d\000a\000d\000e\000s\000\040\000r\000e\000l\000i\000g\000i\000o\000s\000a\000s}{chapter.9}% 74
\BOOKMARK [1][-]{section.9.4}{\376\377\000C\000u\000l\000t\000o\000\040\000d\000e\000\040\000l\000o\000s\000\040\000S\000a\000n\000t\000o\000s\000\040\000y\000\040\000s\000u\000s\000\040\000r\000e\000l\000i\000q\000u\000i\000a\000s\000.\000\040\000R\000o\000m\000e\000r\000\355\000a\000s}{chapter.9}% 75
\BOOKMARK [1][-]{section.9.5}{\376\377\000L\000a\000\040\000v\000i\000d\000a\000\040\000c\000r\000i\000s\000t\000i\000a\000n\000a}{chapter.9}% 76
\BOOKMARK [-1][-]{part.3}{\376\377\000I\000I\000I\000\040\000\311\000p\000o\000c\000a\000\040\000S\000e\000g\000u\000n\000d\000a\000.\000\040\000T\000e\000r\000c\000e\000r\000\040\000P\000e\000r\000\355\000o\000d\000o\000:\000\040\000D\000e\000s\000d\000e\000\040\000l\000a\000\040\000i\000r\000r\000u\000p\000c\000i\000\363\000n\000\040\000d\000e\000\040\000l\000o\000s\000\040\000b\000\341\000r\000b\000a\000r\000o\000s\000\040\000h\000a\000s\000t\000a\000\040\000e\000l\000\040\000p\000o\000n\000t\000i\000f\000i\000c\000a\000d\000o\000\040\000d\000e\000\040\000S\000a\000n\000\040\000G\000r\000e\000g\000o\000r\000i\000o\000\040\000V\000I\000I}{}% 77
\BOOKMARK [0][-]{chapter.10}{\376\377\000C\000a\000p\000\355\000t\000u\000l\000o\000\040\000P\000r\000i\000m\000e\000r\000o\000:\000\040\000E\000x\000t\000e\000n\000s\000i\000\363\000n\000\040\000y\000\040\000l\000i\000m\000i\000t\000a\000c\000i\000\363\000n\000\040\000d\000e\000\040\000l\000a\000\040\000I\000g\000l\000e\000s\000i\000a}{part.3}% 78
\BOOKMARK [1][-]{section.10.1}{\376\377\000L\000a\000s\000\040\000i\000n\000c\000u\000r\000s\000i\000o\000n\000e\000s\000\040\000d\000e\000\040\000l\000o\000s\000\040\000b\000\341\000r\000b\000a\000r\000o\000s\000\040\000y\000\040\000s\000u\000s\000\040\000p\000r\000\363\000x\000i\000m\000o\000s\000\040\000e\000f\000e\000c\000t\000o\000s}{chapter.10}% 79
\BOOKMARK [1][-]{section.10.2}{\376\377\000C\000o\000n\000v\000e\000r\000s\000i\000\363\000n\000\040\000d\000e\000\040\000l\000o\000s\000\040\000F\000r\000a\000n\000c\000o\000s}{chapter.10}% 80
\BOOKMARK [1][-]{section.10.3}{\376\377\000E\000l\000\040\000C\000r\000i\000s\000t\000i\000a\000n\000i\000s\000m\000o\000\040\000e\000n\000\040\000l\000a\000s\000\040\000i\000s\000l\000a\000s\000\040\000B\000r\000i\000t\000\341\000n\000i\000c\000a\000s}{chapter.10}% 81
\BOOKMARK [1][-]{section.10.4}{\376\377\000C\000o\000n\000v\000e\000r\000s\000i\000\363\000n\000\040\000d\000e\000\040\000A\000l\000e\000m\000a\000n\000i\000a}{chapter.10}% 82
\BOOKMARK [1][-]{section.10.5}{\376\377\000C\000o\000n\000v\000e\000r\000s\000i\000\363\000n\000\040\000d\000e\000\040\000l\000o\000s\000\040\000p\000u\000e\000b\000l\000o\000s\000\040\000E\000s\000c\000a\000n\000d\000i\000n\000a\000v\000o\000s}{chapter.10}% 83
\BOOKMARK [1][-]{section.10.6}{\376\377\000C\000o\000n\000v\000e\000r\000s\000i\000\363\000n\000\040\000d\000e\000\040\000l\000o\000s\000\040\000E\000s\000l\000a\000v\000o\000s\000\040\000y\000\040\000l\000o\000s\000\040\000H\000\372\000n\000g\000a\000r\000o\000s}{chapter.10}% 84
\BOOKMARK [1][-]{section.10.7}{\376\377\000E\000l\000\040\000I\000s\000l\000a\000m\000\040\000c\000o\000m\000o\000\040\000e\000n\000e\000m\000i\000g\000o\000\040\000d\000e\000\040\000l\000a\000\040\000C\000r\000i\000s\000t\000i\000a\000n\000d\000a\000d}{chapter.10}% 85
\BOOKMARK [0][-]{chapter.11}{\376\377\000C\000a\000p\000\355\000t\000u\000l\000o\000\040\000S\000e\000g\000u\000n\000d\000o\000:\000\040\000E\000l\000\040\000P\000o\000n\000t\000i\000f\000i\000c\000a\000d\000o\000\040\000y\000\040\000e\000l\000\040\000I\000m\000p\000e\000r\000i\000o\000.\000\040\000E\000s\000t\000a\000d\000o\000\040\000y\000\040\000l\000a\000\040\000I\000g\000l\000e\000s\000i\000a}{part.3}% 86
\BOOKMARK [1][-]{section.11.1}{\376\377\000F\000o\000r\000m\000a\000c\000i\000\363\000n\000\040\000d\000e\000l\000\040\000E\000s\000t\000a\000d\000o\000\040\000d\000e\000\040\000l\000a\000\040\000I\000g\000l\000e\000s\000i\000a}{chapter.11}% 87
\BOOKMARK [1][-]{section.11.2}{\376\377\000R\000e\000s\000t\000a\000b\000l\000e\000c\000i\000m\000i\000e\000n\000t\000o\000\040\000d\000e\000l\000\040\000I\000m\000p\000e\000r\000i\000o\000\040\000d\000e\000\040\000O\000c\000c\000i\000d\000e\000n\000t\000e}{chapter.11}% 88
\BOOKMARK [1][-]{section.11.3}{\376\377\000E\000l\000\040\000p\000o\000n\000t\000i\000f\000i\000c\000a\000d\000o\000\040\000y\000\040\000e\000l\000\040\000I\000m\000p\000e\000r\000i\000o\000\040\000d\000e\000s\000d\000e\000\040\000S\000a\000n\000\040\000C\000a\000r\000l\000o\000M\000a\000g\000n\000o\000\040\000h\000a\000s\000t\000a\000\040\000S\000a\000n\000\040\000G\000r\000e\000g\000o\000r\000i\000o\000\040\000V\000I\000I}{chapter.11}% 89
\BOOKMARK [1][-]{section.11.4}{\376\377\000E\000l\000\040\000E\000s\000t\000a\000d\000o\000\040\000y\000\040\000l\000a\000\040\000I\000g\000l\000e\000s\000i\000a\000\040\000e\000n\000\040\000l\000o\000s\000\040\000r\000e\000i\000n\000o\000s\000\040\000g\000e\000r\000m\000\341\000n\000i\000c\000o\000s}{chapter.11}% 90
\BOOKMARK [0][-]{chapter.12}{\376\377\000C\000a\000p\000\355\000t\000u\000l\000o\000\040\000T\000e\000r\000c\000e\000r\000o\000:\000\040\000D\000e\000s\000a\000r\000r\000o\000l\000l\000o\000\040\000d\000e\000\040\000l\000a\000\040\000D\000o\000c\000t\000r\000i\000n\000a\000.\000\040\000H\000e\000r\000e\000j\000\355\000a\000\040\000y\000\040\000C\000i\000s\000m\000a\000s}{part.3}% 91
\BOOKMARK [1][-]{section.12.1}{\376\377\000L\000o\000s\000\040\000i\000c\000o\000n\000o\000c\000l\000a\000s\000t\000a\000s\000\040\000y\000\040\000e\000l\000\040\000V\000I\000I\000\040\000C\000o\000n\000s\000i\000l\000i\000o\000\040\000U\000n\000i\000v\000e\000r\000s\000a\000l}{chapter.12}% 92
\BOOKMARK [1][-]{section.12.2}{\376\377\000E\000l\000\040\000C\000i\000s\000m\000a\000\040\000G\000r\000i\000e\000g\000o\000.\000\040\000E\000l\000\040\000V\000I\000I\000I\000\040\000C\000o\000n\000s\000i\000l\000i\000o\000\040\000U\000n\000i\000v\000e\000r\000s\000a\000l}{chapter.12}% 93
\BOOKMARK [1][-]{section.12.3}{\376\377\000C\000o\000n\000t\000r\000o\000v\000e\000r\000s\000i\000a\000s\000\040\000d\000o\000g\000m\000\341\000t\000i\000c\000a\000s\000\040\000e\000n\000\040\000O\000c\000c\000i\000d\000e\000n\000t\000e}{chapter.12}% 94
\BOOKMARK [1][-]{section.12.4}{\376\377\000L\000a\000\040\000C\000i\000e\000n\000c\000i\000a\000\040\000c\000r\000i\000s\000t\000i\000a\000n\000a}{chapter.12}% 95
\BOOKMARK [0][-]{chapter.13}{\376\377\000C\000a\000p\000\355\000t\000u\000l\000o\000\040\000C\000u\000a\000r\000t\000o\000:\000\040\000C\000o\000n\000s\000t\000i\000t\000u\000c\000i\000\363\000n\000,\000\040\000d\000i\000s\000c\000i\000p\000l\000i\000n\000a\000,\000\040\000c\000u\000l\000t\000o\000,\000\040\000v\000i\000d\000a\000\040\000c\000r\000i\000s\000t\000i\000a\000n\000a}{part.3}% 96
\BOOKMARK [1][-]{section.13.1}{\376\377\000L\000a\000\040\000J\000e\000r\000a\000r\000q\000u\000\355\000a\000.\000\040\000E\000r\000e\000c\000c\000i\000\363\000n\000\040\000d\000e\000\040\000d\000i\000\363\000c\000e\000s\000i\000s}{chapter.13}% 97
\BOOKMARK [1][-]{section.13.2}{\376\377\000C\000o\000l\000e\000c\000c\000i\000o\000n\000e\000s\000\040\000d\000e\000\040\000C\000\341\000n\000o\000n\000e\000s\000.\000\040\000E\000l\000\040\000P\000s\000e\000u\000d\000o\000-\000I\000s\000i\000d\000o\000r\000o}{chapter.13}% 98
\BOOKMARK [1][-]{section.13.3}{\376\377\000E\000l\000\040\000C\000l\000e\000r\000o\000.\000\040\000L\000a\000\040\000v\000i\000d\000a\000\040\000m\000o\000n\000\341\000s\000t\000i\000c\000a}{chapter.13}% 99
\BOOKMARK [1][-]{section.13.4}{\376\377\000E\000l\000\040\000c\000u\000l\000t\000o\000.\000\040\000V\000e\000n\000e\000r\000a\000c\000i\000\363\000n\000\040\000d\000e\000\040\000l\000o\000s\000\040\000S\000a\000n\000t\000o\000s}{chapter.13}% 100
\BOOKMARK [1][-]{section.13.5}{\376\377\000D\000i\000s\000c\000i\000p\000l\000i\000n\000a\000\040\000y\000\040\000v\000i\000d\000a\000\040\000c\000r\000i\000s\000t\000i\000a\000n\000a}{chapter.13}% 101
\BOOKMARK [-1][-]{part.4}{\376\377\000I\000V\000\040\000P\000e\000r\000\355\000o\000d\000o\000\040\000C\000u\000a\000r\000t\000o\000:\000\040\000F\000l\000o\000r\000e\000c\000i\000m\000i\000e\000n\000t\000o\000\040\000d\000e\000\040\000l\000a\000\040\000I\000g\000l\000e\000s\000i\000a\000\040\000e\000n\000\040\000l\000a\000\040\000E\000d\000a\000d\000\040\000M\000e\000d\000i\000a\000\040\000\050\0001\0000\0007\0003\000\040\040\024\000\040\0001\0003\0000\0007\000\051}{}% 102
\BOOKMARK [0][-]{chapter.14}{\376\377\000C\000a\000p\000\355\000t\000u\000l\000o\000\040\000P\000r\000i\000m\000e\000r\000o\000:\000\040\000E\000l\000\040\000P\000o\000n\000t\000i\000f\000i\000c\000a\000d\000o\000\040\000y\000\040\000e\000l\000\040\000I\000m\000p\000e\000r\000i\000o\000.\000\040\000E\000l\000\040\000E\000s\000t\000a\000d\000o\000\040\000y\000\040\000l\000a\000\040\000I\000g\000l\000e\000s\000i\000a}{part.4}% 103
\BOOKMARK [1][-]{section.14.1}{\376\377\000L\000a\000s\000\040\000i\000d\000e\000a\000s\000\040\000g\000r\000e\000g\000o\000r\000i\000a\000n\000a\000s}{chapter.14}% 104
\BOOKMARK [1][-]{section.14.2}{\376\377\000C\000o\000n\000a\000t\000o\000s\000\040\000d\000e\000\040\000r\000e\000f\000o\000r\000m\000a\000\040\000a\000n\000t\000e\000r\000i\000o\000r\000e\000s\000\040\000a\000\040\000S\000a\000n\000\040\000G\000r\000e\000g\000o\000r\000i\000o\000\040\000V\000I\000I}{chapter.14}% 105
\BOOKMARK [1][-]{section.14.3}{\376\377\000L\000a\000\040\000c\000o\000n\000t\000i\000e\000n\000d\000a\000\040\000d\000e\000\040\000l\000a\000s\000\040\000i\000n\000v\000e\000s\000t\000i\000d\000u\000r\000a\000s\000.\000\040\000S\000a\000n\000\040\000G\000r\000e\000g\000o\000r\000i\000o\000\040\000V\000I\000I}{chapter.14}% 106
\BOOKMARK [1][-]{section.14.4}{\376\377\000C\000o\000n\000s\000e\000c\000u\000e\000n\000c\000i\000a\000s\000\040\000d\000e\000\040\000l\000a\000\040\000c\000o\000n\000t\000i\000e\000n\000d\000a\000d\000\040\000d\000e\000\040\000l\000a\000s\000\040\000i\000n\000v\000e\000s\000t\000i\000d\000u\000r\000a\000s\000.\000\040\000X\000\040\000C\000o\000n\000s\000i\000l\000i\000o\000\040\000U\000n\000i\000v\000e\000r\000s\000a\000l}{chapter.14}% 107
\BOOKMARK [1][-]{section.14.5}{\376\377\000L\000u\000c\000h\000a\000\040\000d\000e\000\040\000l\000o\000s\000\040\000E\000m\000p\000e\000r\000a\000d\000o\000r\000e\000s\000\040\000d\000e\000\040\000l\000a\000\040\000C\000a\000s\000a\000\040\000d\000e\000\040\000S\000u\000a\000b\000i\000a\000\040\000c\000o\000n\000\040\000l\000o\000s\000\040\000p\000a\000p\000a\000s\000.\000\040\000I\000n\000o\000c\000e\000n\000c\000i\000o\000\040\000I\000I\000I}{chapter.14}% 108
\BOOKMARK [1][-]{section.14.6}{\376\377\000C\000o\000n\000t\000i\000e\000n\000d\000a\000s\000\040\000e\000c\000l\000e\000s\000i\000\341\000s\000t\000i\000c\000a\000s\000\040\000e\000n\000\040\000I\000n\000g\000l\000a\000t\000e\000r\000r\000a}{chapter.14}% 109
\BOOKMARK [1][-]{section.14.7}{\376\377\000E\000l\000\040\000P\000o\000n\000t\000i\000f\000i\000c\000a\000d\000o\000\040\000c\000a\000e\000\040\000b\000a\000j\000o\000\040\000l\000a\000\040\000i\000n\000f\000l\000u\000e\000n\000c\000i\000a\000\040\000f\000r\000a\000n\000c\000e\000s\000a}{chapter.14}% 110
\BOOKMARK [0][-]{chapter.15}{\376\377\000C\000a\000p\000\355\000t\000u\000l\000o\000\040\000S\000e\000g\000u\000n\000d\000o\000:\000\040\000H\000i\000s\000t\000o\000r\000i\000a\000\040\000e\000x\000t\000e\000r\000n\000a\000\040\000d\000e\000\040\000l\000a\000\040\000I\000g\000l\000e\000s\000i\000a}{part.4}% 111
\BOOKMARK [1][-]{section.15.1}{\376\377\000L\000a\000\040\000l\000u\000c\000h\000a\000\040\000c\000o\000n\000t\000r\000a\000\040\000e\000l\000\040\000I\000s\000l\000a\000m\000i\000s\000m\000o\000\040\000e\000n\000\040\000E\000u\000r\000o\000p\000a}{chapter.15}% 112
\BOOKMARK [1][-]{section.15.2}{\376\377\000L\000a\000s\000\040\000C\000r\000u\000z\000a\000d\000a\000s}{chapter.15}% 113
\BOOKMARK [1][-]{section.15.3}{\376\377\000L\000u\000c\000h\000a\000\040\000c\000o\000n\000t\000r\000a\000\040\000e\000l\000\040\000P\000a\000g\000a\000n\000i\000s\000m\000o\000.\000\040\000L\000a\000s\000\040\000M\000i\000s\000i\000o\000n\000e\000s}{chapter.15}% 114
\BOOKMARK [1][-]{section.15.4}{\376\377\000L\000o\000s\000\040\000j\000u\000d\000\355\000o\000s\000\040\000e\000n\000\040\000l\000a\000\040\000e\000d\000a\000d\000\040\000m\000e\000d\000i\000a}{chapter.15}% 115
\BOOKMARK [0][-]{chapter.16}{\376\377\000C\000a\000p\000\355\000t\000u\000l\000o\000\040\000T\000e\000r\000c\000e\000r\000o\000:\000\040\000D\000e\000s\000a\000r\000r\000o\000l\000l\000o\000\040\000d\000e\000\040\000l\000a\000\040\000v\000i\000d\000a\000\040\000m\000o\000n\000\341\000s\000t\000i\000c\000a}{part.4}% 116
\BOOKMARK [1][-]{section.16.1}{\376\377\000N\000u\000e\000v\000a\000s\000\040\000\323\000r\000d\000e\000n\000e\000s\000\040\000c\000o\000n\000\040\000r\000e\000g\000l\000a\000s\000\040\000a\000n\000t\000i\000g\000u\000a\000s}{chapter.16}% 117
\BOOKMARK [1][-]{section.16.2}{\376\377\000L\000a\000s\000\040\000d\000o\000s\000\040\000g\000r\000a\000n\000d\000e\000s\000\040\000\323\000r\000d\000e\000n\000e\000s\000\040\000M\000e\000n\000d\000i\000c\000a\000n\000t\000e\000s}{chapter.16}% 118
\BOOKMARK [1][-]{section.16.3}{\376\377\000L\000a\000s\000\040\000\323\000r\000d\000e\000n\000e\000s\000\040\000M\000i\000l\000i\000t\000a\000r\000e\000s}{chapter.16}% 119
\BOOKMARK [0][-]{chapter.17}{\376\377\000C\000a\000p\000\355\000t\000u\000l\000o\000\040\000C\000u\000a\000r\000t\000o\000:\000\040\000L\000a\000\040\000D\000o\000c\000t\000r\000i\000n\000a\000\040\000d\000e\000\040\000l\000a\000\040\000I\000g\000l\000e\000s\000i\000a\000\040\000y\000\040\000s\000u\000s\000\040\000a\000d\000v\000e\000r\000s\000a\000r\000i\000o\000s}{part.4}% 120
\BOOKMARK [1][-]{section.17.1}{\376\377\000I\000m\000p\000u\000g\000n\000a\000c\000i\000o\000n\000e\000s\000\040\000d\000e\000\040\000l\000a\000\040\000I\000g\000l\000e\000s\000i\000a\000.\000\040\000L\000a\000s\000\040\000s\000e\000c\000t\000a\000s}{chapter.17}% 121
\BOOKMARK [1][-]{section.17.2}{\376\377\000L\000a\000\040\000I\000n\000q\000u\000i\000s\000i\000c\000i\000\363\000n}{chapter.17}% 122
\BOOKMARK [1][-]{section.17.3}{\376\377\000L\000a\000\040\000C\000i\000e\000n\000c\000i\000a\000\040\000e\000c\000l\000e\000s\000i\000\341\000s\000t\000i\000c\000a\000:\000\040\000E\000s\000c\000o\000l\000\341\000s\000t\000i\000c\000a\000\040\000y\000\040\000M\000\355\000s\000t\000i\000c\000a}{chapter.17}% 123
\BOOKMARK [0][-]{chapter.18}{\376\377\000C\000a\000p\000\355\000t\000u\000l\000o\000\040\000Q\000u\000i\000n\000t\000o\000:\000\040\000C\000o\000n\000s\000t\000i\000t\000u\000c\000i\000\363\000n\000,\000\040\000c\000u\000l\000t\000o\000,\000\040\000v\000i\000d\000a\000\040\000c\000r\000i\000s\000t\000i\000a\000n\000a}{part.4}% 124
\BOOKMARK [1][-]{section.18.1}{\376\377\000D\000e\000s\000a\000r\000r\000o\000l\000l\000o\000\040\000d\000e\000\040\000l\000a\000\040\000C\000o\000n\000s\000t\000i\000t\000u\000c\000i\000\363\000n\000\040\000E\000c\000l\000e\000s\000i\000\341\000s\000t\000i\000c\000a}{chapter.18}% 125
\BOOKMARK [1][-]{section.18.2}{\376\377\000E\000l\000\040\000c\000u\000l\000t\000o\000.\000\040\000L\000o\000s\000\040\000S\000a\000c\000r\000a\000m\000e\000n\000t\000o\000s}{chapter.18}% 126
\BOOKMARK [1][-]{section.18.3}{\376\377\000E\000l\000\040\000A\000r\000t\000e\000\040\000c\000r\000i\000s\000t\000i\000a\000n\000o}{chapter.18}% 127
\BOOKMARK [1][-]{section.18.4}{\376\377\000V\000i\000d\000a\000\040\000y\000\040\000d\000i\000s\000c\000i\000p\000l\000i\000n\000a}{chapter.18}% 128
\BOOKMARK [-1][-]{part.5}{\376\377\000V\000\040\000P\000e\000r\000i\000o\000d\000o\000\040\000Q\000u\000i\000n\000t\000o\000:\000\040\000O\000b\000s\000c\000u\000r\000e\000c\000i\000m\000i\000e\000n\000t\000o\000\040\000d\000e\000\040\000l\000a\000\040\000A\000u\000t\000o\000r\000i\000d\000a\000d\000\040\000P\000a\000p\000a\000l\000.\000\040\000D\000e\000c\000a\000d\000e\000n\000c\000i\000a\000\040\000d\000e\000l\000\040\000I\000m\000p\000e\000r\000i\000o\000\040\000\050\0001\0003\0000\0007\000\040\040\024\000\040\0001\0005\0001\0007\000\051}{}% 129
\BOOKMARK [0][-]{chapter.19}{\376\377\000C\000a\000p\000\355\000t\000u\000l\000o\000\040\000P\000r\000i\000m\000e\000r\000o\000:\000\040\000H\000i\000s\000t\000o\000r\000i\000a\000\040\000d\000e\000l\000\040\000P\000o\000n\000t\000i\000f\000i\000c\000a\000d\000o}{part.5}% 130
\BOOKMARK [1][-]{section.19.1}{\376\377\000E\000l\000\040\000d\000e\000s\000t\000i\000e\000r\000r\000o\000\040\000d\000e\000\040\000A\000v\000i\000\361\000\363\000n}{chapter.19}% 131
\BOOKMARK [1][-]{section.19.2}{\376\377\000L\000u\000c\000h\000a\000\040\000d\000e\000l\000\040\000P\000a\000p\000a\000\040\000c\000o\000n\000\040\000L\000u\000i\000s\000\040\000d\000e\000\040\000B\000a\000v\000i\000e\000r\000a}{chapter.19}% 132
\BOOKMARK [1][-]{section.19.3}{\376\377\000C\000o\000n\000s\000e\000c\000u\000e\000n\000c\000i\000a\000s\000\040\000d\000e\000l\000\040\000C\000i\000s\000m\000a\000.\000\040\000C\000o\000n\000s\000i\000l\000i\000o\000\040\000d\000e\000\040\000B\000a\000s\000i\000e\000l\000a}{chapter.19}% 133
\BOOKMARK [1][-]{section.19.4}{\376\377\000C\000i\000s\000m\000a\000\040\000d\000e\000\040\000O\000c\000c\000i\000d\000e\000n\000t\000e\000.\000\040\000C\000o\000n\000s\000i\000l\000i\000o\000\040\000d\000e\000\040\000C\000o\000n\000s\000t\000a\000n\000z\000a}{chapter.19}% 134
\BOOKMARK [1][-]{section.19.5}{\376\377\000L\000o\000s\000\040\000p\000a\000p\000a\000s\000\040\000d\000e\000\040\000l\000a\000\040\000\351\000p\000o\000c\000a\000\040\000d\000e\000l\000\040\000r\000e\000n\000a\000c\000i\000m\000i\000e\000n\000t\000o}{chapter.19}% 135
\BOOKMARK [0][-]{chapter.20}{\376\377\000C\000a\000p\000\355\000t\000u\000l\000o\000\040\000S\000e\000g\000u\000n\000d\000o\000.\000\040\000D\000e\000s\000e\000n\000v\000o\000l\000v\000i\000m\000i\000e\000n\000t\000o\000\040\000d\000e\000\040\000l\000a\000\040\000D\000o\000c\000t\000r\000i\000n\000a\000.\000\040\000H\000e\000r\000e\000j\000\355\000a\000s\000.\000\040\000C\000i\000e\000n\000c\000i\000a\000\040\000E\000c\000l\000e\000s\000i\000\341\000s\000t\000i\000c\000a}{part.5}% 136
\BOOKMARK [1][-]{section.20.1}{\376\377\000L\000a\000\040\000C\000i\000e\000n\000c\000i\000a\000\040\000e\000c\000l\000e\000s\000i\000\341\000s\000t\000i\000c\000a}{chapter.20}% 137
\BOOKMARK [1][-]{section.20.2}{\376\377\000E\000l\000\040\000R\000e\000n\000a\000c\000i\000m\000i\000e\000n\000t\000o\000\040\000l\000i\000t\000e\000r\000a\000r\000i\000o\000\040\000y\000\040\000l\000a\000\040\000I\000g\000l\000e\000s\000i\000a}{chapter.20}% 138
\BOOKMARK [1][-]{section.20.3}{\376\377\000J\000u\000a\000n\000\040\000W\000i\000c\000l\000e\000f\000\040\000y\000\040\000J\000u\000a\000n\000\040\000H\000u\000s\000.\000\040\000P\000r\000e\000c\000u\000r\000s\000o\000r\000e\000s\000\040\000d\000e\000\040\000l\000a\000\040\000R\000e\000f\000o\000r\000m\000a}{chapter.20}% 139
\BOOKMARK [0][-]{chapter.21}{\376\377\000C\000a\000p\000\355\000t\000u\000l\000o\000\040\000T\000e\000r\000c\000e\000r\000o\000:\000\040\000C\000o\000n\000s\000t\000i\000t\000u\000c\000i\000\363\000n\000,\000\040\000c\000u\000l\000t\000o\000\040\000y\000\040\000v\000i\000d\000a\000\040\000c\000r\000i\000s\000t\000i\000a\000n\000a}{part.5}% 140
\BOOKMARK [1][-]{section.21.1}{\376\377\000L\000a\000\040\000S\000e\000d\000e\000\040\000A\000p\000o\000s\000t\000\363\000l\000i\000c\000a}{chapter.21}% 141
\BOOKMARK [1][-]{section.21.2}{\376\377\000L\000a\000\040\000v\000i\000d\000a\000\040\000m\000o\000n\000\341\000s\000t\000i\000c\000a\000.\000\040\000C\000o\000n\000a\000t\000o\000s\000\040\000d\000e\000\040\000R\000e\000f\000o\000r\000m\000a}{chapter.21}% 142
\BOOKMARK [1][-]{section.21.3}{\376\377\000E\000l\000\040\000c\000l\000e\000r\000o\000\040\000s\000e\000c\000u\000l\000a\000r}{chapter.21}% 143
\BOOKMARK [1][-]{section.21.4}{\376\377\000E\000l\000\040\000a\000r\000t\000e\000\040\000c\000r\000i\000s\000t\000i\000a\000n\000o}{chapter.21}% 144
\BOOKMARK [1][-]{section.21.5}{\376\377\000C\000u\000l\000t\000o\000,\000\040\000d\000i\000s\000c\000i\000p\000l\000i\000n\000a\000\040\000y\000\040\000v\000i\000d\000a\000\040\000c\000r\000i\000s\000t\000i\000a\000n\000a}{chapter.21}% 145
\BOOKMARK [-1][-]{part.6}{\376\377\000V\000I\000\040\000\311\000p\000o\000c\000a\000\040\000T\000e\000r\000c\000e\000r\000a\000:\000\040\000E\000d\000a\000d\000\040\000m\000o\000d\000e\000r\000n\000a\000.\000\040\000P\000e\000r\000i\000o\000d\000o\000\040\000S\000e\000x\000t\000o\000.\000\040\000D\000e\000\040\000l\000a\000\040\000r\000e\000v\000o\000l\000u\000c\000i\000\363\000n\000\040\000r\000e\000l\000i\000g\000i\000o\000s\000a\000\040\000y\000\040\000d\000e\000l\000\040\000a\000b\000s\000o\000l\000u\000t\000i\000s\000m\000o\000\040\000d\000e\000l\000\040\000E\000s\000t\000a\000d\000o\000\040\000\050\0001\0005\0001\0007\000\040\040\024\000\040\0001\0005\0008\0008\000\051}{}% 146
\BOOKMARK [0][-]{chapter.22}{\376\377\000C\000a\000p\000\355\000t\000u\000l\000o\000\040\000P\000r\000i\000m\000e\000r\000o}{part.6}% 147
\BOOKMARK [1][-]{section.22.1}{\376\377\000E\000l\000\040\000P\000r\000o\000t\000e\000s\000t\000a\000n\000t\000i\000s\000m\000o\000\040\000e\000n\000\040\000A\000l\000e\000m\000a\000n\000i\000a\000\040\000y\000\040\000S\000u\000i\000z\000a}{chapter.22}% 148
\BOOKMARK [1][-]{section.22.2}{\376\377\000C\000a\000u\000s\000a\000s\000\040\000d\000e\000\040\000l\000a\000\040\000g\000r\000a\000n\000\040\000d\000i\000f\000u\000s\000i\000\363\000n\000\040\000d\000e\000l\000\040\000P\000r\000o\000t\000e\000s\000t\000a\000n\000t\000i\000s\000m\000o}{chapter.22}% 149
\BOOKMARK [1][-]{section.22.3}{\376\377\000P\000r\000i\000n\000c\000i\000p\000i\000o\000s\000\040\000d\000e\000\040\000l\000a\000\040\000e\000s\000c\000i\000c\000i\000\363\000n\000\040\000r\000e\000l\000i\000g\000i\000o\000s\000a}{chapter.22}% 150
\BOOKMARK [1][-]{section.22.4}{\376\377\000E\000x\000c\000o\000m\000u\000n\000i\000\363\000n\000\040\000d\000e\000\040\000L\000u\000t\000e\000r\000o}{chapter.22}% 151
\BOOKMARK [1][-]{section.22.5}{\376\377\000L\000u\000t\000e\000r\000o\000\040\000y\000\040\000l\000a\000\040\000R\000e\000v\000o\000l\000u\000c\000i\000\363\000n\000.\000\040\000S\000u\000s\000\040\000p\000a\000r\000t\000i\000d\000a\000r\000i\000o\000s\000\040\000y\000\040\000a\000d\000v\000e\000r\000s\000a\000r\000i\000o\000s}{chapter.22}% 152
\BOOKMARK [1][-]{section.22.6}{\376\377\000E\000l\000\040\000I\000m\000p\000e\000r\000i\000o\000\040\000y\000\040\000l\000o\000s\000\040\000n\000o\000v\000a\000d\000o\000r\000e\000s\000.\000\040\000D\000i\000v\000i\000s\000i\000\363\000n\000\040\000p\000o\000l\000\355\000t\000i\000c\000a\000\040\000d\000e\000\040\000A\000l\000e\000m\000a\000n\000i\000a}{chapter.22}% 153
\BOOKMARK [1][-]{section.22.7}{\376\377\000O\000r\000g\000a\000n\000i\000z\000a\000c\000i\000\363\000n\000\040\000d\000e\000\040\000l\000a\000s\000\040\000i\000g\000l\000e\000s\000i\000a\000s\000\040\000t\000e\000r\000r\000i\000t\000o\000r\000i\000a\000l\000e\000s\000.\000\040\000L\000o\000s\000\040\000p\000r\000\355\000n\000c\000i\000p\000e\000s}{chapter.22}% 154
\BOOKMARK [1][-]{section.22.8}{\376\377\000L\000a\000\040\000r\000e\000f\000o\000r\000m\000a\000\040\000e\000n\000\040\000l\000a\000\040\000S\000u\000i\000z\000a\000\040\000a\000l\000e\000m\000a\000n\000a\000,\000\040\000Z\000u\000i\000n\000g\000l\000i\000o}{chapter.22}% 155
\BOOKMARK [1][-]{section.22.9}{\376\377\000L\000a\000\040\000D\000i\000e\000t\000a\000\040\000d\000e\000\040\000A\000u\000g\000s\000b\000u\000r\000g\000o\000\040\000d\000e\000\040\0001\0005\0003\0000\000.\000\040\000T\000e\000n\000t\000a\000t\000i\000v\000a\000s\000\040\000d\000e\000\040\000c\000o\000n\000c\000o\000r\000d\000i\000a}{chapter.22}% 156
\BOOKMARK [1][-]{section.22.10}{\376\377\000P\000r\000o\000p\000a\000g\000a\000c\000i\000\363\000n\000\040\000d\000e\000l\000\040\000P\000r\000o\000t\000e\000s\000t\000a\000n\000t\000i\000s\000m\000o\000\040\000e\000n\000\040\000l\000o\000s\000\040\000E\000s\000t\000a\000d\000o\000s\000\040\000d\000e\000\040\000l\000a\000\040\000L\000i\000g\000a\000\040\000d\000e\000\040\000S\000c\000h\000m\000a\000l\000k\000a\000l\000d\000a}{chapter.22}% 157
\BOOKMARK [1][-]{section.22.11}{\376\377\000C\000a\000r\000\341\000c\000t\000e\000r\000\040\000y\000\040\000\372\000l\000t\000i\000m\000o\000s\000\040\000d\000\355\000a\000s\000\040\000d\000e\000\040\000L\000u\000t\000e\000r\000o}{chapter.22}% 158
\BOOKMARK [1][-]{section.22.12}{\376\377\000L\000a\000\040\000p\000a\000z\000\040\000r\000e\000l\000i\000g\000i\000o\000s\000a\000\040\000d\000e\000\040\000A\000u\000g\000s\000b\000u\000r\000g\000o}{chapter.22}% 159
\BOOKMARK [1][-]{section.22.13}{\376\377\000E\000l\000\040\000P\000r\000o\000t\000e\000s\000t\000a\000n\000t\000i\000s\000m\000o\000\040\000e\000n\000\040\000l\000a\000\040\000S\000u\000i\000z\000a\000\040\000f\000r\000a\000n\000c\000e\000s\000a}{chapter.22}% 160
\BOOKMARK [1][-]{section.22.14}{\376\377\000C\000a\000l\000v\000i\000n\000o}{chapter.22}% 161
\BOOKMARK [1][-]{section.22.15}{\376\377\000G\000u\000e\000r\000r\000a\000s\000\040\000r\000e\000l\000i\000g\000i\000o\000s\000a\000s\000\040\000h\000a\000s\000t\000a\000\040\000l\000a\000\040\000p\000a\000z\000\040\000d\000e\000\040\000W\000e\000s\000t\000f\000a\000l\000i\000a}{chapter.22}% 162
\BOOKMARK [0][-]{chapter.23}{\376\377\000C\000a\000p\000\355\000t\000u\000l\000o\000\040\000S\000e\000g\000u\000n\000d\000o}{part.6}% 163
\BOOKMARK [1][-]{section.23.1}{\376\377\000L\000a\000\040\000p\000s\000e\000u\000d\000o\000-\000r\000e\000f\000o\000r\000m\000a\000\040\000e\000n\000\040\000l\000o\000s\000\040\000d\000e\000m\000\341\000s\000\040\000p\000a\000\355\000s\000e\000s}{chapter.23}% 164
\BOOKMARK [1][-]{section.23.2}{\376\377\000E\000l\000\040\000P\000r\000o\000t\000e\000s\000t\000a\000n\000t\000i\000s\000m\000o\000\040\000e\000n\000\040\000F\000r\000a\000n\000c\000i\000a}{chapter.23}% 165
\BOOKMARK [1][-]{section.23.3}{\376\377\000L\000a\000\040\000r\000e\000f\000o\000r\000m\000a\000\040\000e\000n\000\040\000l\000o\000s\000\040\000P\000a\000\355\000s\000e\000s\000\040\000B\000a\000j\000o\000s}{chapter.23}% 166
\BOOKMARK [1][-]{section.23.4}{\376\377\000L\000a\000\040\000r\000e\000f\000o\000r\000m\000a\000\040\000e\000n\000\040\000l\000a\000s\000\040\000I\000s\000l\000a\000s\000\040\000B\000r\000i\000t\000\341\000n\000i\000c\000a\000s}{chapter.23}% 167
\BOOKMARK [1][-]{section.23.5}{\376\377\000A\000p\000o\000s\000t\000a\000s\000\355\000a\000\040\000d\000e\000\040\000l\000o\000s\000\040\000r\000e\000i\000n\000o\000s\000\040\000d\000e\000l\000\040\000N\000o\000r\000t\000e}{chapter.23}% 168
\BOOKMARK [1][-]{section.23.6}{\376\377\000L\000a\000\040\000r\000e\000f\000o\000r\000m\000a\000\040\000e\000n\000\040\000l\000o\000s\000\040\000p\000a\000\355\000s\000e\000s\000\040\000o\000r\000i\000e\000n\000t\000a\000l\000e\000s\000\040\000d\000e\000\040\000E\000u\000r\000o\000p\000a}{chapter.23}% 169
\BOOKMARK [1][-]{section.23.7}{\376\377\000L\000u\000c\000h\000a\000\040\000c\000o\000n\000t\000r\000a\000\040\000e\000l\000\040\000P\000r\000o\000t\000e\000s\000t\000a\000n\000t\000i\000s\000m\000o\000\040\000e\000n\000\040\000E\000u\000r\000o\000p\000a\000\040\000M\000e\000r\000i\000d\000i\000o\000n\000a\000l}{chapter.23}% 170
\BOOKMARK [1][-]{section.23.8}{\376\377\000G\000a\000l\000i\000l\000e\000o}{chapter.23}% 171
\BOOKMARK [0][-]{chapter.24}{\376\377\000C\000a\000p\000\355\000t\000u\000l\000o\000\040\000T\000e\000r\000c\000e\000r\000o\000:\000\040\000D\000e\000s\000e\000n\000v\000o\000l\000v\000i\000m\000i\000e\000n\000t\000o\000\040\000i\000n\000t\000e\000r\000n\000o\000\040\000d\000e\000l\000\040\000P\000r\000o\000t\000e\000s\000t\000a\000n\000t\000i\000s\000m\000o}{part.6}% 172
\BOOKMARK [1][-]{section.24.1}{\376\377\000C\000o\000n\000t\000r\000o\000v\000e\000r\000s\000i\000a\000s\000\040\000e\000n\000t\000r\000e\000\040\000l\000a\000s\000\040\000s\000e\000c\000t\000a\000s}{chapter.24}% 173
\BOOKMARK [1][-]{section.24.2}{\376\377\000C\000o\000n\000s\000t\000i\000t\000u\000c\000i\000\363\000n\000,\000\040\000c\000u\000l\000t\000o\000\040\000y\000\040\000v\000i\000d\000a\000\040\000p\000r\000o\000t\000e\000s\000t\000a\000n\000t\000e}{chapter.24}% 174
\BOOKMARK [0][-]{chapter.25}{\376\377\000C\000a\000p\000\355\000t\000u\000l\000o\000\040\000C\000u\000a\000r\000t\000o\000:\000\040\000L\000a\000\040\000I\000g\000l\000e\000s\000i\000a\000\040\000C\000a\000t\000\363\000l\000i\000c\000a\000\040\000y\000\040\000l\000a\000\040\000v\000e\000r\000d\000a\000d\000e\000r\000a\000\040\000R\000e\000f\000o\000r\000m\000a}{part.6}% 175
\BOOKMARK [1][-]{section.25.1}{\376\377\000A\000c\000c\000i\000\363\000n\000\040\000d\000e\000\040\000l\000o\000s\000\040\000p\000a\000p\000a\000s}{chapter.25}% 176
\BOOKMARK [1][-]{section.25.2}{\376\377\000E\000l\000\040\000C\000o\000n\000c\000i\000l\000i\000o\000\040\000d\000e\000\040\000T\000r\000e\000n\000t\000o}{chapter.25}% 177
\BOOKMARK [1][-]{section.25.3}{\376\377\000L\000a\000\040\000C\000o\000m\000p\000a\000\361\000\355\000a\000\040\000d\000e\000\040\000J\000e\000s\000\372\000s}{chapter.25}% 178
\BOOKMARK [1][-]{section.25.4}{\376\377\000L\000a\000s\000\040\000d\000e\000m\000\341\000s\000\040\000\323\000r\000d\000e\000n\000e\000s\000\040\000y\000\040\000C\000o\000n\000g\000r\000e\000g\000a\000c\000i\000o\000n\000e\000s}{chapter.25}% 179
\BOOKMARK [1][-]{section.25.5}{\376\377\000R\000e\000s\000t\000a\000u\000r\000a\000c\000i\000\363\000n\000\040\000d\000e\000l\000\040\000C\000a\000t\000o\000l\000i\000s\000i\000s\000m\000o\000\040\000e\000n\000\040\000A\000l\000e\000m\000a\000n\000i\000a}{chapter.25}% 180
\BOOKMARK [1][-]{section.25.6}{\376\377\000R\000e\000n\000o\000v\000a\000c\000i\000\363\000n\000\040\000d\000e\000\040\000l\000a\000s\000\040\000C\000i\000e\000n\000c\000i\000a\000s\000\040\000E\000c\000l\000e\000s\000i\000\341\000s\000t\000i\000c\000a\000s}{chapter.25}% 181
\BOOKMARK [1][-]{section.25.7}{\376\377\000C\000o\000n\000t\000r\000o\000v\000e\000r\000s\000i\000a\000s\000\040\000d\000o\000c\000t\000r\000i\000n\000a\000l\000e\000s\000.\000\040\000E\000l\000\040\000J\000a\000n\000s\000e\000n\000i\000s\000m\000o}{chapter.25}% 182
\BOOKMARK [1][-]{section.25.8}{\376\377\000L\000a\000s\000\040\000m\000i\000s\000i\000o\000n\000e\000s\000\040\000e\000x\000t\000r\000a\000n\000j\000e\000r\000a\000s}{chapter.25}% 183
\BOOKMARK [1][-]{section.25.9}{\376\377\000A\000r\000t\000e\000\040\000c\000r\000i\000s\000t\000i\000a\000n\000o}{chapter.25}% 184
\BOOKMARK [1][-]{section.25.10}{\376\377\000C\000u\000l\000t\000o\000,\000\040\000d\000i\000s\000c\000i\000p\000l\000i\000n\000a\000,\000\040\000v\000i\000d\000a\000\040\000c\000r\000i\000s\000t\000i\000a\000n\000a}{chapter.25}% 185
\BOOKMARK [0][-]{chapter.26}{\376\377\000C\000a\000p\000\355\000t\000u\000l\000o\000\040\000Q\000u\000i\000n\000t\000o\000:\000\040\000P\000r\000e\000p\000a\000r\000a\000c\000i\000\363\000n\000\040\000d\000e\000\040\000l\000a\000\040\000\351\000p\000o\000c\000a\000\040\000r\000e\000v\000o\000l\000u\000c\000i\000o\000n\000a\000r\000i\000a}{part.6}% 186
\BOOKMARK [1][-]{section.26.1}{\376\377\000C\000o\000n\000a\000t\000o\000s\000\040\000r\000e\000v\000o\000l\000u\000c\000i\000o\000n\000a\000r\000i\000o\000s\000\040\000e\000n\000\040\000l\000a\000\040\000I\000g\000l\000e\000s\000i\000a}{chapter.26}% 187
\BOOKMARK [1][-]{section.26.2}{\376\377\000L\000o\000s\000\040\000P\000a\000p\000a\000s\000\040\000d\000e\000\040\000l\000a\000\040\000\351\000p\000o\000c\000a\000\040\000d\000e\000l\000\040\000a\000b\000s\000o\000l\000u\000t\000i\000s\000m\000o}{chapter.26}% 188
\BOOKMARK [1][-]{section.26.3}{\376\377\000I\000n\000c\000r\000e\000d\000u\000l\000i\000d\000a\000d\000\040\000y\000\040\000F\000i\000l\000o\000-\000s\000o\000f\000i\000s\000m\000o}{chapter.26}% 189
\BOOKMARK [-1][-]{part.7}{\376\377\000V\000I\000I\000\040\000\311\000p\000o\000c\000a\000\040\000d\000e\000\040\000l\000a\000s\000\040\000r\000e\000v\000o\000l\000u\000c\000i\000o\000n\000e\000s\000:\000\040\000D\000e\000s\000d\000e\000\040\000l\000a\000s\000\040\000r\000e\000v\000o\000l\000u\000c\000i\000\363\000n\000\040\000F\000r\000a\000n\000c\000e\000s\000a\000\040\000h\000a\000s\000t\000a\000\040\000n\000u\000e\000s\000t\000r\000o\000s\000\040\000d\000\355\000a\000s}{}% 190
\BOOKMARK [0][-]{chapter.27}{\376\377\000C\000a\000p\000\355\000t\000u\000l\000o\000\040\000P\000r\000i\000m\000e\000r\000o\000:\000\040\000L\000a\000\040\000R\000e\000v\000o\000l\000u\000c\000i\000\363\000n\000\040\000F\000r\000a\000n\000c\000e\000s\000a\000.\000\040\000S\000u\000s\000\040\000c\000o\000n\000s\000e\000c\000u\000e\000n\000c\000i\000a\000s\000\040\000p\000r\000\363\000x\000i\000m\000a\000s}{part.7}% 191
\BOOKMARK [1][-]{section.27.1}{\376\377\000L\000a\000\040\000r\000e\000v\000o\000l\000u\000c\000i\000\363\000n\000\040\000e\000n\000\040\000F\000r\000a\000n\000c\000i\000a}{chapter.27}% 192
\BOOKMARK [1][-]{section.27.2}{\376\377\000E\000l\000\040\000c\000o\000n\000c\000o\000r\000d\000a\000t\000o\000\040\000c\000o\000n\000\040\000F\000r\000a\000n\000c\000i\000a}{chapter.27}% 193
\BOOKMARK [1][-]{section.27.3}{\376\377\000L\000a\000\040\000r\000e\000v\000o\000l\000u\000c\000i\000\363\000n\000\040\000e\000n\000\040\000l\000o\000s\000\040\000d\000e\000m\000\341\000s\000\040\000p\000a\000\355\000s\000e\000s}{chapter.27}% 194
\BOOKMARK [1][-]{section.27.4}{\376\377\000P\000\355\000o\000\040\000V\000I\000I\000\040\000y\000\040\000N\000a\000p\000o\000l\000e\000\363\000n}{chapter.27}% 195
\BOOKMARK [0][-]{chapter.28}{\376\377\000C\000a\000p\000\355\000t\000u\000l\000o\000\040\000S\000e\000g\000u\000n\000d\000o}{part.7}% 196
\BOOKMARK [1][-]{section.28.1}{\376\377\000L\000a\000\040\000I\000g\000l\000e\000s\000i\000a\000\040\000y\000\040\000e\000l\000\040\000E\000s\000t\000a\000d\000o\000\040\000d\000e\000\040\000A\000l\000e\000m\000a\000n\000i\000a}{chapter.28}% 197
\BOOKMARK [1][-]{section.28.2}{\376\377\000D\000e\000s\000p\000o\000t\000i\000s\000m\000o\000\040\000d\000e\000l\000\040\000E\000s\000t\000a\000d\000o}{chapter.28}% 198
\BOOKMARK [1][-]{section.28.3}{\376\377\000L\000o\000s\000\040\000c\000o\000n\000c\000o\000r\000d\000a\000t\000o\000s\000\040\000a\000l\000e\000m\000a\000n\000e\000s}{chapter.28}% 199
\BOOKMARK [1][-]{section.28.4}{\376\377\000D\000e\000s\000p\000e\000r\000t\000a\000r\000\040\000d\000e\000\040\000l\000a\000\040\000c\000o\000n\000c\000i\000e\000n\000c\000i\000a\000\040\000c\000a\000t\000\363\000l\000i\000c\000a\000\040\000e\000n\000\040\000A\000l\000e\000m\000a\000n\000i\000a}{chapter.28}% 200
\BOOKMARK [1][-]{section.28.5}{\376\377\000I\000m\000p\000u\000g\000n\000a\000c\000i\000\363\000n\000\040\000d\000e\000l\000\040\000r\000e\000g\000a\000l\000i\000s\000m\000o\000\040\000y\000\040\000e\000l\000\040\000l\000i\000b\000e\000r\000a\000l\000i\000s\000m\000o}{chapter.28}% 201
\BOOKMARK [0][-]{chapter.29}{\376\377\000C\000a\000p\000\355\000t\000u\000l\000o\000\040\000T\000e\000r\000c\000e\000r\000o\000:\000\040\000L\000a\000\040\000I\000g\000l\000e\000s\000a\000\040\000C\000a\000t\000\363\000l\000i\000c\000a\000\040\000e\000n\000\040\000l\000o\000s\000\040\000d\000e\000m\000\341\000s\000\040\000e\000s\000t\000a\000d\000o\000s}{part.7}% 202
\BOOKMARK [1][-]{section.29.1}{\376\377\000E\000l\000\040\000P\000a\000p\000a\000d\000o\000\040\000e\000\040\000I\000t\000a\000l\000i\000a}{chapter.29}% 203
\BOOKMARK [1][-]{section.29.2}{\376\377\000A\000u\000s\000t\000r\000i\000a\000-\000H\000u\000n\000g\000r\000\355\000a}{chapter.29}% 204
\BOOKMARK [1][-]{section.29.3}{\376\377\000L\000a\000\040\000I\000g\000l\000e\000s\000i\000a\000\040\000e\000n\000\040\000S\000u\000i\000z\000a}{chapter.29}% 205
\BOOKMARK [1][-]{section.29.4}{\376\377\000F\000r\000a\000n\000c\000i\000a\000\040\000y\000\040\000l\000o\000s\000\040\000P\000a\000\355\000s\000e\000s\000\040\000B\000a\000j\000o\000s}{chapter.29}% 206
\BOOKMARK [1][-]{section.29.5}{\376\377\000E\000s\000p\000a\000\361\000a\000\040\000y\000\040\000P\000o\000r\000t\000u\000g\000a\000l\000.\000\040\000L\000a\000\040\000A\000m\000\351\000r\000i\000c\000a\000\040\000L\000a\000t\000i\000n\000a}{chapter.29}% 207
\BOOKMARK [1][-]{section.29.6}{\376\377\000L\000a\000\040\000I\000g\000l\000e\000s\000i\000a\000\040\000e\000n\000\040\000l\000a\000\040\000G\000r\000a\000n\000\040\000B\000r\000e\000t\000a\000\361\000a\000\040\000y\000\040\000A\000m\000\351\000r\000i\000c\000a\000\040\000d\000e\000l\000\040\000N\000o\000r\000t\000e}{chapter.29}% 208
\BOOKMARK [1][-]{section.29.7}{\376\377\000L\000a\000\040\000I\000g\000l\000e\000s\000i\000a\000\040\000e\000n\000\040\000R\000u\000s\000i\000a\000\040\000y\000\040\000E\000s\000c\000a\000n\000d\000i\000n\000a\000v\000i\000a}{chapter.29}% 209
\BOOKMARK [0][-]{chapter.30}{\376\377\000C\000a\000p\000\355\000t\000u\000l\000o\000\040\000C\000u\000a\000r\000t\000o\000:\000\040\000V\000i\000d\000a\000\040\000i\000n\000t\000e\000r\000i\000o\000r\000\040\000y\000\040\000e\000x\000t\000e\000n\000s\000i\000\363\000n\000\040\000d\000e\000\040\000l\000a\000\040\000I\000g\000l\000e\000s\000i\000a}{part.7}% 210
\BOOKMARK [1][-]{section.30.1}{\376\377\000D\000e\000s\000a\000r\000r\000o\000l\000l\000o\000\040\000d\000o\000c\000t\000r\000i\000n\000a\000l\000.\000\040\000S\000e\000c\000t\000a\000s\000.\000\040\000D\000i\000r\000e\000c\000c\000i\000o\000n\000s\000e\000\040\000t\000e\000o\000l\000\363\000g\000i\000c\000a\000s}{chapter.30}% 211
\BOOKMARK [1][-]{section.30.2}{\376\377\000L\000a\000\040\000c\000i\000e\000n\000c\000i\000a\000\040\000E\000c\000l\000e\000s\000i\000\341\000s\000t\000i\000c\000a}{chapter.30}% 212
\BOOKMARK [1][-]{section.30.3}{\376\377\000L\000a\000\040\000v\000i\000d\000a\000\040\000m\000o\000n\000\341\000s\000t\000i\000c\000a}{chapter.30}% 213
\BOOKMARK [1][-]{section.30.4}{\376\377\000E\000l\000\040\000a\000r\000t\000e\000\040\000c\000r\000i\000s\000t\000i\000a\000n\000o}{chapter.30}% 214
\BOOKMARK [1][-]{section.30.5}{\376\377\000D\000i\000s\000c\000i\000p\000l\000i\000n\000a\000,\000\040\000c\000u\000l\000t\000o\000,\000\040\000v\000i\000d\000a\000\040\000c\000r\000i\000s\000t\000i\000a\000n\000a}{chapter.30}% 215
\BOOKMARK [1][-]{section.30.6}{\376\377\000E\000x\000t\000e\000n\000s\000i\000\363\000n\000\040\000s\000e\000p\000a\000r\000a\000d\000o\000s\000\040\000d\000e\000\040\000l\000a\000\040\000I\000g\000l\000e\000s\000i\000a}{chapter.30}% 216
\BOOKMARK [0][-]{chapter.31}{\376\377\000C\000a\000p\000\355\000t\000u\000l\000o\000\040\000Q\000u\000i\000n\000t\000o\000:\000\040\000C\000r\000i\000s\000t\000i\000a\000n\000o\000s\000\040\000s\000e\000p\000a\000r\000a\000d\000o\000s\000\040\000d\000e\000\040\000l\000a\000\040\000I\000g\000l\000e\000s\000i\000a}{part.7}% 217
\BOOKMARK [1][-]{section.31.1}{\376\377\000E\000l\000\040\000P\000r\000o\000t\000e\000s\000t\000a\000n\000t\000i\000s\000m\000o}{chapter.31}% 218
\BOOKMARK [1][-]{section.31.2}{\376\377\000L\000a\000s\000\040\000i\000g\000l\000e\000s\000i\000a\000s\000\040\000g\000r\000i\000e\000g\000a\000\040\000y\000\040\000r\000u\000s\000a}{chapter.31}% 219
\BOOKMARK [1][-]{section.31.3}{\376\377\000C\000o\000n\000c\000l\000u\000s\000i\000\363\000n}{chapter.31}% 220
\BOOKMARK [0][-]{chapter*.2}{\376\377\000B\000i\000b\000l\000i\000o\000g\000r\000a\000f\000\355\000a}{part.7}% 221
